Connecting to database specified by database.yml
  [1m[36m (8.0ms)[0m  [1mSELECT "schema_migrations"."version" FROM "schema_migrations" [0m
Migrating to CreateMovies (20111119180638)
  [1m[35m (0.1ms)[0m  select sqlite_version(*)
  [1m[36m (0.1ms)[0m  [1mSELECT "schema_migrations"."version" FROM "schema_migrations" [0m


Started GET "/" for 10.240.0.207 at 2016-03-28 22:46:36 +0000
Connecting to database specified by database.yml

ActionController::RoutingError (No route matches [GET] "/"):
  actionpack (3.2.18) lib/action_dispatch/middleware/debug_exceptions.rb:21:in `call'
  actionpack (3.2.18) lib/action_dispatch/middleware/show_exceptions.rb:56:in `call'
  railties (3.2.18) lib/rails/rack/logger.rb:32:in `call_app'
  railties (3.2.18) lib/rails/rack/logger.rb:16:in `block in call'
  activesupport (3.2.18) lib/active_support/tagged_logging.rb:22:in `tagged'
  railties (3.2.18) lib/rails/rack/logger.rb:16:in `call'
  actionpack (3.2.18) lib/action_dispatch/middleware/request_id.rb:22:in `call'
  rack (1.4.7) lib/rack/methodoverride.rb:21:in `call'
  rack (1.4.7) lib/rack/runtime.rb:17:in `call'
  activesupport (3.2.18) lib/active_support/cache/strategy/local_cache.rb:72:in `call'
  rack (1.4.7) lib/rack/lock.rb:15:in `call'
  actionpack (3.2.18) lib/action_dispatch/middleware/static.rb:63:in `call'
  railties (3.2.18) lib/rails/engine.rb:484:in `call'
  railties (3.2.18) lib/rails/application.rb:231:in `call'
  rack (1.4.7) lib/rack/content_length.rb:14:in `call'
  railties (3.2.18) lib/rails/rack/log_tailer.rb:17:in `call'
  rack (1.4.7) lib/rack/handler/webrick.rb:59:in `service'
  /usr/local/rvm/rubies/ruby-1.9.3-p551/lib/ruby/1.9.1/webrick/httpserver.rb:138:in `service'
  /usr/local/rvm/rubies/ruby-1.9.3-p551/lib/ruby/1.9.1/webrick/httpserver.rb:94:in `run'
  /usr/local/rvm/rubies/ruby-1.9.3-p551/lib/ruby/1.9.1/webrick/server.rb:191:in `block in start_thread'


  Rendered /usr/local/rvm/gems/ruby-1.9.3-p551/gems/actionpack-3.2.18/lib/action_dispatch/middleware/templates/rescues/routing_error.erb within rescues/layout (7.5ms)


Started GET "/" for 10.240.0.197 at 2016-03-28 22:47:05 +0000
Connecting to database specified by database.yml

ActionController::RoutingError (uninitialized constant MovieController):
  activesupport (3.2.18) lib/active_support/inflector/methods.rb:230:in `block in constantize'
  activesupport (3.2.18) lib/active_support/inflector/methods.rb:229:in `each'
  activesupport (3.2.18) lib/active_support/inflector/methods.rb:229:in `constantize'
  actionpack (3.2.18) lib/action_dispatch/routing/route_set.rb:69:in `controller_reference'
  actionpack (3.2.18) lib/action_dispatch/routing/route_set.rb:54:in `controller'
  actionpack (3.2.18) lib/action_dispatch/routing/route_set.rb:32:in `call'
  journey (1.0.4) lib/journey/router.rb:68:in `block in call'
  journey (1.0.4) lib/journey/router.rb:56:in `each'
  journey (1.0.4) lib/journey/router.rb:56:in `call'
  actionpack (3.2.18) lib/action_dispatch/routing/route_set.rb:608:in `call'
  actionpack (3.2.18) lib/action_dispatch/middleware/best_standards_support.rb:17:in `call'
  rack (1.4.7) lib/rack/etag.rb:23:in `call'
  rack (1.4.7) lib/rack/conditionalget.rb:25:in `call'
  actionpack (3.2.18) lib/action_dispatch/middleware/head.rb:14:in `call'
  actionpack (3.2.18) lib/action_dispatch/middleware/params_parser.rb:21:in `call'
  actionpack (3.2.18) lib/action_dispatch/middleware/flash.rb:242:in `call'
  rack (1.4.7) lib/rack/session/abstract/id.rb:210:in `context'
  rack (1.4.7) lib/rack/session/abstract/id.rb:205:in `call'
  actionpack (3.2.18) lib/action_dispatch/middleware/cookies.rb:341:in `call'
  activerecord (3.2.18) lib/active_record/query_cache.rb:64:in `call'
  activerecord (3.2.18) lib/active_record/connection_adapters/abstract/connection_pool.rb:479:in `call'
  actionpack (3.2.18) lib/action_dispatch/middleware/callbacks.rb:28:in `block in call'
  activesupport (3.2.18) lib/active_support/callbacks.rb:405:in `_run__1729009456365289797__call__4444828327679646714__callbacks'
  activesupport (3.2.18) lib/active_support/callbacks.rb:405:in `__run_callback'
  activesupport (3.2.18) lib/active_support/callbacks.rb:385:in `_run_call_callbacks'
  activesupport (3.2.18) lib/active_support/callbacks.rb:81:in `run_callbacks'
  actionpack (3.2.18) lib/action_dispatch/middleware/callbacks.rb:27:in `call'
  actionpack (3.2.18) lib/action_dispatch/middleware/reloader.rb:65:in `call'
  actionpack (3.2.18) lib/action_dispatch/middleware/remote_ip.rb:31:in `call'
  actionpack (3.2.18) lib/action_dispatch/middleware/debug_exceptions.rb:16:in `call'
  actionpack (3.2.18) lib/action_dispatch/middleware/show_exceptions.rb:56:in `call'
  railties (3.2.18) lib/rails/rack/logger.rb:32:in `call_app'
  railties (3.2.18) lib/rails/rack/logger.rb:16:in `block in call'
  activesupport (3.2.18) lib/active_support/tagged_logging.rb:22:in `tagged'
  railties (3.2.18) lib/rails/rack/logger.rb:16:in `call'
  actionpack (3.2.18) lib/action_dispatch/middleware/request_id.rb:22:in `call'
  rack (1.4.7) lib/rack/methodoverride.rb:21:in `call'
  rack (1.4.7) lib/rack/runtime.rb:17:in `call'
  activesupport (3.2.18) lib/active_support/cache/strategy/local_cache.rb:72:in `call'
  rack (1.4.7) lib/rack/lock.rb:15:in `call'
  actionpack (3.2.18) lib/action_dispatch/middleware/static.rb:63:in `call'
  railties (3.2.18) lib/rails/engine.rb:484:in `call'
  railties (3.2.18) lib/rails/application.rb:231:in `call'
  rack (1.4.7) lib/rack/content_length.rb:14:in `call'
  railties (3.2.18) lib/rails/rack/log_tailer.rb:17:in `call'
  rack (1.4.7) lib/rack/handler/webrick.rb:59:in `service'
  /usr/local/rvm/rubies/ruby-1.9.3-p551/lib/ruby/1.9.1/webrick/httpserver.rb:138:in `service'
  /usr/local/rvm/rubies/ruby-1.9.3-p551/lib/ruby/1.9.1/webrick/httpserver.rb:94:in `run'
  /usr/local/rvm/rubies/ruby-1.9.3-p551/lib/ruby/1.9.1/webrick/server.rb:191:in `block in start_thread'


  Rendered /usr/local/rvm/gems/ruby-1.9.3-p551/gems/actionpack-3.2.18/lib/action_dispatch/middleware/templates/rescues/routing_error.erb within rescues/layout (8.2ms)


Started GET "/" for 10.240.0.165 at 2016-03-28 22:48:12 +0000
Connecting to database specified by database.yml
Processing by MoviesController#index as HTML
  [1m[36mMovie Load (0.3ms)[0m  [1mSELECT "movies".* FROM "movies" WHERE "movies"."rating" IN ('G', 'PG', 'PG-13', 'NC-17', 'R')[0m
  Rendered movies/index.html.haml within layouts/application (16.5ms)
Compiled application.css  (0ms)  (pid 22104)
Compiled jquery.js  (1ms)  (pid 22104)
Compiled jquery_ujs.js  (0ms)  (pid 22104)
Compiled application.js  (17ms)  (pid 22104)
Completed 200 OK in 326.1ms (Views: 184.2ms | ActiveRecord: 3.4ms)


Started GET "/assets/application.css?body=1" for 10.240.0.186 at 2016-03-28 22:48:14 +0000
Served asset /application.css - 200 OK (1ms)


Started GET "/assets/application.js?body=1" for 10.240.0.186 at 2016-03-28 22:48:14 +0000
Served asset /application.js - 200 OK (7ms)


Started GET "/assets/jquery.js?body=1" for 10.240.0.208 at 2016-03-28 22:48:14 +0000
Served asset /jquery.js - 200 OK (3ms)


Started GET "/assets/jquery_ujs.js?body=1" for 10.240.0.167 at 2016-03-28 22:48:14 +0000
Served asset /jquery_ujs.js - 200 OK (1ms)
Connecting to database specified by database.yml
  [1m[36m (15.0ms)[0m  [1mSELECT "schema_migrations"."version" FROM "schema_migrations" [0m
  [1m[35m (0.4ms)[0m  select sqlite_version(*)
  [1m[36m (13.2ms)[0m  [1mCREATE TABLE "movies" ("id" INTEGER PRIMARY KEY AUTOINCREMENT NOT NULL, "title" varchar(255), "rating" varchar(255), "description" text, "release_date" datetime, "created_at" datetime, "updated_at" datetime) [0m
  [1m[35m (10.2ms)[0m  CREATE TABLE "schema_migrations" ("version" varchar(255) NOT NULL) 
  [1m[36m (10.8ms)[0m  [1mCREATE UNIQUE INDEX "unique_schema_migrations" ON "schema_migrations" ("version")[0m
  [1m[35m (0.2ms)[0m  SELECT version FROM "schema_migrations"
  [1m[36m (12.7ms)[0m  [1mINSERT INTO "schema_migrations" (version) VALUES ('20120130161449')[0m
  [1m[35m (9.9ms)[0m  INSERT INTO "schema_migrations" (version) VALUES ('20111119180638')
Connecting to database specified by database.yml
  [1m[36m (6.2ms)[0m  [1mSELECT "schema_migrations"."version" FROM "schema_migrations" [0m
  [1m[35m (0.4ms)[0m  select sqlite_version(*)
  [1m[36m (13.8ms)[0m  [1mCREATE TABLE "movies" ("id" INTEGER PRIMARY KEY AUTOINCREMENT NOT NULL, "title" varchar(255), "rating" varchar(255), "description" text, "release_date" datetime, "created_at" datetime, "updated_at" datetime) [0m
  [1m[35m (7.1ms)[0m  CREATE TABLE "schema_migrations" ("version" varchar(255) NOT NULL) 
  [1m[36m (7.2ms)[0m  [1mCREATE UNIQUE INDEX "unique_schema_migrations" ON "schema_migrations" ("version")[0m
  [1m[35m (0.2ms)[0m  SELECT version FROM "schema_migrations"
  [1m[36m (6.8ms)[0m  [1mINSERT INTO "schema_migrations" (version) VALUES ('20120130161449')[0m
  [1m[35m (8.9ms)[0m  INSERT INTO "schema_migrations" (version) VALUES ('20111119180638')
Connecting to database specified by database.yml
Connecting to database specified by database.yml
  [1m[36m (8.4ms)[0m  [1mSELECT "schema_migrations"."version" FROM "schema_migrations" [0m
Connecting to database specified by database.yml
  [1m[36m (9.1ms)[0m  [1mSELECT "schema_migrations"."version" FROM "schema_migrations" [0m
Migrating to CreateMovies (20111119180638)
Migrating to AddDirectorToMovies (20160328225200)
  [1m[35m (0.0ms)[0m  select sqlite_version(*)
  [1m[36m (0.1ms)[0m  [1mbegin transaction[0m
  [1m[35m (0.5ms)[0m  ALTER TABLE "movies" ADD "director" varchar(255)
  [1m[36m (0.1ms)[0m  [1mINSERT INTO "schema_migrations" ("version") VALUES ('20160328225200')[0m
  [1m[35m (14.9ms)[0m  commit transaction
  [1m[36m (0.2ms)[0m  [1mSELECT "schema_migrations"."version" FROM "schema_migrations" [0m
Connecting to database specified by database.yml
  [1m[36m (6.3ms)[0m  [1mSELECT "schema_migrations"."version" FROM "schema_migrations" [0m
  [1m[35m (0.4ms)[0m  select sqlite_version(*)
  [1m[36m (13.9ms)[0m  [1mCREATE TABLE "movies" ("id" INTEGER PRIMARY KEY AUTOINCREMENT NOT NULL, "title" varchar(255), "rating" varchar(255), "description" text, "release_date" datetime, "created_at" datetime, "updated_at" datetime, "director" varchar(255)) [0m
  [1m[35m (7.8ms)[0m  CREATE TABLE "schema_migrations" ("version" varchar(255) NOT NULL) 
  [1m[36m (18.7ms)[0m  [1mCREATE UNIQUE INDEX "unique_schema_migrations" ON "schema_migrations" ("version")[0m
  [1m[35m (0.2ms)[0m  SELECT version FROM "schema_migrations"
  [1m[36m (10.1ms)[0m  [1mINSERT INTO "schema_migrations" (version) VALUES ('20160328225200')[0m
  [1m[35m (12.7ms)[0m  INSERT INTO "schema_migrations" (version) VALUES ('20111119180638')
Connecting to database specified by database.yml
  [1m[36m (6.4ms)[0m  [1mSELECT "schema_migrations"."version" FROM "schema_migrations" [0m
  [1m[35m (0.4ms)[0m  select sqlite_version(*)
  [1m[36m (14.7ms)[0m  [1mCREATE TABLE "movies" ("id" INTEGER PRIMARY KEY AUTOINCREMENT NOT NULL, "title" varchar(255), "rating" varchar(255), "description" text, "release_date" datetime, "created_at" datetime, "updated_at" datetime, "director" varchar(255)) [0m
  [1m[35m (12.2ms)[0m  CREATE TABLE "schema_migrations" ("version" varchar(255) NOT NULL) 
  [1m[36m (10.3ms)[0m  [1mCREATE UNIQUE INDEX "unique_schema_migrations" ON "schema_migrations" ("version")[0m
  [1m[35m (0.1ms)[0m  SELECT version FROM "schema_migrations"
  [1m[36m (9.7ms)[0m  [1mINSERT INTO "schema_migrations" (version) VALUES ('20160328225200')[0m
  [1m[35m (10.2ms)[0m  INSERT INTO "schema_migrations" (version) VALUES ('20111119180638')
Connecting to database specified by database.yml
  [1m[36m (8.5ms)[0m  [1mSELECT "schema_migrations"."version" FROM "schema_migrations" [0m
  [1m[35m (0.4ms)[0m  select sqlite_version(*)
  [1m[36m (15.8ms)[0m  [1mCREATE TABLE "movies" ("id" INTEGER PRIMARY KEY AUTOINCREMENT NOT NULL, "title" varchar(255), "rating" varchar(255), "description" text, "release_date" datetime, "created_at" datetime, "updated_at" datetime, "director" varchar(255)) [0m
  [1m[35m (18.5ms)[0m  CREATE TABLE "schema_migrations" ("version" varchar(255) NOT NULL) 
  [1m[36m (17.0ms)[0m  [1mCREATE UNIQUE INDEX "unique_schema_migrations" ON "schema_migrations" ("version")[0m
  [1m[35m (0.3ms)[0m  SELECT version FROM "schema_migrations"
  [1m[36m (13.5ms)[0m  [1mINSERT INTO "schema_migrations" (version) VALUES ('20160328225200')[0m
  [1m[35m (14.3ms)[0m  INSERT INTO "schema_migrations" (version) VALUES ('20111119180638')
Connecting to database specified by database.yml
  [1m[36m (8.6ms)[0m  [1mSELECT "schema_migrations"."version" FROM "schema_migrations" [0m
  [1m[35m (0.3ms)[0m  select sqlite_version(*)
  [1m[36m (23.0ms)[0m  [1mCREATE TABLE "movies" ("id" INTEGER PRIMARY KEY AUTOINCREMENT NOT NULL, "title" varchar(255), "rating" varchar(255), "description" text, "release_date" datetime, "created_at" datetime, "updated_at" datetime, "director" varchar(255)) [0m
  [1m[35m (10.0ms)[0m  CREATE TABLE "schema_migrations" ("version" varchar(255) NOT NULL) 
  [1m[36m (15.5ms)[0m  [1mCREATE UNIQUE INDEX "unique_schema_migrations" ON "schema_migrations" ("version")[0m
  [1m[35m (0.2ms)[0m  SELECT version FROM "schema_migrations"
  [1m[36m (10.6ms)[0m  [1mINSERT INTO "schema_migrations" (version) VALUES ('20160328225200')[0m
  [1m[35m (12.6ms)[0m  INSERT INTO "schema_migrations" (version) VALUES ('20111119180638')
Connecting to database specified by database.yml
  [1m[36m (11.7ms)[0m  [1mSELECT "schema_migrations"."version" FROM "schema_migrations" [0m
  [1m[35m (0.5ms)[0m  select sqlite_version(*)
  [1m[36m (13.4ms)[0m  [1mCREATE TABLE "movies" ("id" INTEGER PRIMARY KEY AUTOINCREMENT NOT NULL, "title" varchar(255), "rating" varchar(255), "description" text, "release_date" datetime, "created_at" datetime, "updated_at" datetime, "director" varchar(255)) [0m
  [1m[35m (10.0ms)[0m  CREATE TABLE "schema_migrations" ("version" varchar(255) NOT NULL) 
  [1m[36m (10.6ms)[0m  [1mCREATE UNIQUE INDEX "unique_schema_migrations" ON "schema_migrations" ("version")[0m
  [1m[35m (0.2ms)[0m  SELECT version FROM "schema_migrations"
  [1m[36m (7.7ms)[0m  [1mINSERT INTO "schema_migrations" (version) VALUES ('20160328225200')[0m
  [1m[35m (12.0ms)[0m  INSERT INTO "schema_migrations" (version) VALUES ('20111119180638')


Started GET "/" for 10.240.0.179 at 2016-03-29 01:50:56 +0000
Connecting to database specified by database.yml

ActionController::RoutingError (No route matches [GET] "/"):
  actionpack (3.2.18) lib/action_dispatch/middleware/debug_exceptions.rb:21:in `call'
  actionpack (3.2.18) lib/action_dispatch/middleware/show_exceptions.rb:56:in `call'
  railties (3.2.18) lib/rails/rack/logger.rb:32:in `call_app'
  railties (3.2.18) lib/rails/rack/logger.rb:16:in `block in call'
  activesupport (3.2.18) lib/active_support/tagged_logging.rb:22:in `tagged'
  railties (3.2.18) lib/rails/rack/logger.rb:16:in `call'
  actionpack (3.2.18) lib/action_dispatch/middleware/request_id.rb:22:in `call'
  rack (1.4.7) lib/rack/methodoverride.rb:21:in `call'
  rack (1.4.7) lib/rack/runtime.rb:17:in `call'
  activesupport (3.2.18) lib/active_support/cache/strategy/local_cache.rb:72:in `call'
  rack (1.4.7) lib/rack/lock.rb:15:in `call'
  actionpack (3.2.18) lib/action_dispatch/middleware/static.rb:63:in `call'
  railties (3.2.18) lib/rails/engine.rb:484:in `call'
  railties (3.2.18) lib/rails/application.rb:231:in `call'
  rack (1.4.7) lib/rack/content_length.rb:14:in `call'
  railties (3.2.18) lib/rails/rack/log_tailer.rb:17:in `call'
  rack (1.4.7) lib/rack/handler/webrick.rb:59:in `service'
  /usr/local/rvm/rubies/ruby-1.9.3-p551/lib/ruby/1.9.1/webrick/httpserver.rb:138:in `service'
  /usr/local/rvm/rubies/ruby-1.9.3-p551/lib/ruby/1.9.1/webrick/httpserver.rb:94:in `run'
  /usr/local/rvm/rubies/ruby-1.9.3-p551/lib/ruby/1.9.1/webrick/server.rb:191:in `block in start_thread'


  Rendered /usr/local/rvm/gems/ruby-1.9.3-p551/gems/actionpack-3.2.18/lib/action_dispatch/middleware/templates/rescues/routing_error.erb within rescues/layout (18.9ms)


Started GET "/" for 10.240.0.200 at 2016-03-29 01:51:56 +0000
Connecting to database specified by database.yml
Processing by MoviesController#index as HTML
  [1m[36mMovie Load (0.5ms)[0m  [1mSELECT "movies".* FROM "movies" WHERE "movies"."rating" IN ('G', 'PG', 'PG-13', 'NC-17', 'R')[0m
  Rendered movies/index.html.haml within layouts/application (28.7ms)
Completed 200 OK in 352.2ms (Views: 175.4ms | ActiveRecord: 5.4ms)


Started GET "/assets/application.css?body=1" for 10.240.0.157 at 2016-03-29 01:51:57 +0000
Served asset /application.css - 200 OK (2ms)


Started GET "/assets/jquery.js?body=1" for 10.240.0.156 at 2016-03-29 01:51:58 +0000
Served asset /jquery.js - 200 OK (3ms)


Started GET "/assets/jquery_ujs.js?body=1" for 10.240.0.179 at 2016-03-29 01:51:58 +0000
Served asset /jquery_ujs.js - 200 OK (2ms)


Started GET "/assets/application.js?body=1" for 10.240.0.192 at 2016-03-29 01:51:58 +0000
Served asset /application.js - 200 OK (5ms)


Started GET "/movies/new" for 10.240.0.156 at 2016-03-29 01:52:17 +0000
Processing by MoviesController#new as HTML
  Rendered movies/new.html.haml within layouts/application (7.6ms)
Completed 200 OK in 14.8ms (Views: 14.4ms | ActiveRecord: 0.0ms)


Started GET "/movies/1" for 10.240.0.187 at 2016-03-29 01:57:33 +0000
Processing by MoviesController#show as HTML
  Parameters: {"id"=>"1"}
  [1m[35mMovie Load (0.4ms)[0m  SELECT "movies".* FROM "movies" WHERE "movies"."id" = ? LIMIT 1  [["id", "1"]]
  Rendered movies/show.html.haml within layouts/application (60.3ms)
Completed 500 Internal Server Error in 68.4ms

ActionController::RoutingError (No route matches {:action=>"similar", :controller=>"movies", :movie_id=>nil}):
  app/views/movies/show.html.haml:22:in `_app_views_movies_show_html_haml___2604725156432064179_70163360686560'


  Rendered /usr/local/rvm/gems/ruby-1.9.3-p551/gems/actionpack-3.2.18/lib/action_dispatch/middleware/templates/rescues/routing_error.erb within rescues/layout (1.0ms)


Started GET "/movies/1/edit" for 10.240.0.186 at 2016-03-29 02:09:25 +0000
Processing by MoviesController#edit as HTML
  Parameters: {"id"=>"1"}
  [1m[36mMovie Load (0.2ms)[0m  [1mSELECT "movies".* FROM "movies" WHERE "movies"."id" = ? LIMIT 1[0m  [["id", "1"]]
  Rendered movies/edit.html.haml within layouts/application (7.3ms)
Completed 200 OK in 22.5ms (Views: 20.4ms | ActiveRecord: 0.2ms)


Started PUT "/movies/1" for 10.240.0.187 at 2016-03-29 02:11:00 +0000
Processing by MoviesController#update as HTML
  Parameters: {"utf8"=>"✓", "authenticity_token"=>"6QJi85WqFe0XYz4iS8EAuTycYLkql0RHsZleFLPxm1s=", "movie"=>{"title"=>"Aladdin", "rating"=>"G", "release_date(1i)"=>"1992", "release_date(2i)"=>"11", "release_date(3i)"=>"25", "director"=>"aaa"}, "commit"=>"Update Movie Info", "id"=>"1"}
  [1m[35mMovie Load (0.3ms)[0m  SELECT "movies".* FROM "movies" WHERE "movies"."id" = ? LIMIT 1  [["id", "1"]]
  [1m[36m (0.3ms)[0m  [1mbegin transaction[0m
  [1m[35m (16.6ms)[0m  UPDATE "movies" SET "director" = 'aaa', "updated_at" = '2016-03-29 02:11:00.440673' WHERE "movies"."id" = 1
  [1m[36m (12.3ms)[0m  [1mcommit transaction[0m
Redirected to http://hw4-new-davidchen2016.c9users.io:8080/movies/1
Completed 302 Found in 50.5ms (ActiveRecord: 29.4ms)


Started GET "/movies/1" for 10.240.0.179 at 2016-03-29 02:11:00 +0000
Processing by MoviesController#show as HTML
  Parameters: {"id"=>"1"}
  [1m[35mMovie Load (0.2ms)[0m  SELECT "movies".* FROM "movies" WHERE "movies"."id" = ? LIMIT 1  [["id", "1"]]
  Rendered movies/show.html.haml within layouts/application (2.5ms)
Completed 500 Internal Server Error in 6.9ms

ActionController::RoutingError (No route matches {:action=>"similar", :controller=>"movies", :movie_id=>nil}):
  app/views/movies/show.html.haml:22:in `_app_views_movies_show_html_haml___2604725156432064179_70163360686560'


  Rendered /usr/local/rvm/gems/ruby-1.9.3-p551/gems/actionpack-3.2.18/lib/action_dispatch/middleware/templates/rescues/routing_error.erb within rescues/layout (3.4ms)
Connecting to database specified by database.yml
  [1m[36m (7.6ms)[0m  [1mSELECT "schema_migrations"."version" FROM "schema_migrations" [0m
  [1m[35m (0.3ms)[0m  select sqlite_version(*)
  [1m[36m (15.0ms)[0m  [1mCREATE TABLE "movies" ("id" INTEGER PRIMARY KEY AUTOINCREMENT NOT NULL, "title" varchar(255), "rating" varchar(255), "description" text, "release_date" datetime, "created_at" datetime, "updated_at" datetime, "director" varchar(255)) [0m
  [1m[35m (9.6ms)[0m  CREATE TABLE "schema_migrations" ("version" varchar(255) NOT NULL) 
  [1m[36m (11.9ms)[0m  [1mCREATE UNIQUE INDEX "unique_schema_migrations" ON "schema_migrations" ("version")[0m
  [1m[35m (0.1ms)[0m  SELECT version FROM "schema_migrations"
  [1m[36m (9.1ms)[0m  [1mINSERT INTO "schema_migrations" (version) VALUES ('20160328225200')[0m
  [1m[35m (7.7ms)[0m  INSERT INTO "schema_migrations" (version) VALUES ('20111119180638')


Started PUT "/movies/1" for 10.240.0.204 at 2016-03-29 02:18:41 +0000
Connecting to database specified by database.yml
Processing by MoviesController#update as HTML
  Parameters: {"utf8"=>"✓", "authenticity_token"=>"6QJi85WqFe0XYz4iS8EAuTycYLkql0RHsZleFLPxm1s=", "movie"=>{"title"=>"Aladdin", "rating"=>"G", "release_date(1i)"=>"1992", "release_date(2i)"=>"11", "release_date(3i)"=>"25", "director"=>"aaa"}, "commit"=>"Update Movie Info", "id"=>"1"}
  [1m[36mMovie Load (0.3ms)[0m  [1mSELECT "movies".* FROM "movies" WHERE "movies"."id" = ? LIMIT 1[0m  [["id", "1"]]
  [1m[35m (0.1ms)[0m  begin transaction
  [1m[36m (0.1ms)[0m  [1mcommit transaction[0m
Redirected to http://hw4-new-davidchen2016.c9users.io:8080/movies/1
Completed 302 Found in 145.3ms (ActiveRecord: 6.9ms)


Started GET "/movies/1" for 10.240.0.203 at 2016-03-29 02:18:43 +0000
Processing by MoviesController#show as HTML
  Parameters: {"id"=>"1"}
  [1m[35mMovie Load (0.2ms)[0m  SELECT "movies".* FROM "movies" WHERE "movies"."id" = ? LIMIT 1  [["id", "1"]]
  Rendered movies/show.html.haml within layouts/application (63.9ms)
Completed 500 Internal Server Error in 127.9ms

ActionController::RoutingError (No route matches {:action=>"similar", :controller=>"movies", :movie_id=>nil}):
  app/views/movies/show.html.haml:22:in `_app_views_movies_show_html_haml___1928640693811169516_70207052097560'


  Rendered /usr/local/rvm/gems/ruby-1.9.3-p551/gems/actionpack-3.2.18/lib/action_dispatch/middleware/templates/rescues/routing_error.erb within rescues/layout (0.7ms)


Started GET "/movies/2" for 10.240.0.189 at 2016-03-29 02:22:42 +0000
Processing by MoviesController#show as HTML
  Parameters: {"id"=>"2"}
  [1m[36mMovie Load (0.2ms)[0m  [1mSELECT "movies".* FROM "movies" WHERE "movies"."id" = ? LIMIT 1[0m  [["id", "2"]]
  Rendered movies/show.html.haml within layouts/application (3.3ms)
Completed 500 Internal Server Error in 10.2ms

ActionController::RoutingError (No route matches {:action=>"similar", :controller=>"movies", :movie_id=>nil}):
  app/views/movies/show.html.haml:22:in `_app_views_movies_show_html_haml___1928640693811169516_70207052097560'


  Rendered /usr/local/rvm/gems/ruby-1.9.3-p551/gems/actionpack-3.2.18/lib/action_dispatch/middleware/templates/rescues/routing_error.erb within rescues/layout (0.9ms)


Started GET "/movies/similar" for 10.240.0.187 at 2016-03-29 02:22:50 +0000
Processing by MoviesController#show as HTML
  Parameters: {"id"=>"similar"}
  [1m[35mMovie Load (0.2ms)[0m  SELECT "movies".* FROM "movies" WHERE "movies"."id" = ? LIMIT 1  [["id", "similar"]]
Completed 404 Not Found in 2.7ms

ActiveRecord::RecordNotFound (Couldn't find Movie with id=similar):
  app/controllers/movies_controller.rb:5:in `show'


  Rendered /usr/local/rvm/gems/ruby-1.9.3-p551/gems/actionpack-3.2.18/lib/action_dispatch/middleware/templates/rescues/_trace.erb (5.3ms)
  Rendered /usr/local/rvm/gems/ruby-1.9.3-p551/gems/actionpack-3.2.18/lib/action_dispatch/middleware/templates/rescues/_request_and_response.erb (1.5ms)
  Rendered /usr/local/rvm/gems/ruby-1.9.3-p551/gems/actionpack-3.2.18/lib/action_dispatch/middleware/templates/rescues/diagnostics.erb within rescues/layout (52.1ms)


Started GET "/similar" for 10.240.0.179 at 2016-03-29 02:23:05 +0000
Processing by MoviesController#similar as HTML
Completed 404 Not Found in 0.7ms

ActiveRecord::RecordNotFound (Couldn't find Movie without an ID):
  app/controllers/movies_controller.rb:69:in `similar'


  Rendered /usr/local/rvm/gems/ruby-1.9.3-p551/gems/actionpack-3.2.18/lib/action_dispatch/middleware/templates/rescues/_trace.erb (1.1ms)
  Rendered /usr/local/rvm/gems/ruby-1.9.3-p551/gems/actionpack-3.2.18/lib/action_dispatch/middleware/templates/rescues/_request_and_response.erb (1.4ms)
  Rendered /usr/local/rvm/gems/ruby-1.9.3-p551/gems/actionpack-3.2.18/lib/action_dispatch/middleware/templates/rescues/diagnostics.erb within rescues/layout (26.9ms)


Started GET "/movies/similar" for 10.240.0.187 at 2016-03-29 02:28:49 +0000
Connecting to database specified by database.yml
Processing by MoviesController#similar as HTML
Completed 404 Not Found in 127.1ms

ActiveRecord::RecordNotFound (Couldn't find Movie without an ID):
  app/controllers/movies_controller.rb:69:in `similar'


  Rendered /usr/local/rvm/gems/ruby-1.9.3-p551/gems/actionpack-3.2.18/lib/action_dispatch/middleware/templates/rescues/_trace.erb (1.2ms)
  Rendered /usr/local/rvm/gems/ruby-1.9.3-p551/gems/actionpack-3.2.18/lib/action_dispatch/middleware/templates/rescues/_request_and_response.erb (1.4ms)
  Rendered /usr/local/rvm/gems/ruby-1.9.3-p551/gems/actionpack-3.2.18/lib/action_dispatch/middleware/templates/rescues/diagnostics.erb within rescues/layout (85.7ms)


Started GET "/movies/similar/1" for 10.240.0.156 at 2016-03-29 02:30:05 +0000

ActionController::RoutingError (No route matches [GET] "/movies/similar/1"):
  actionpack (3.2.18) lib/action_dispatch/middleware/debug_exceptions.rb:21:in `call'
  actionpack (3.2.18) lib/action_dispatch/middleware/show_exceptions.rb:56:in `call'
  railties (3.2.18) lib/rails/rack/logger.rb:32:in `call_app'
  railties (3.2.18) lib/rails/rack/logger.rb:16:in `block in call'
  activesupport (3.2.18) lib/active_support/tagged_logging.rb:22:in `tagged'
  railties (3.2.18) lib/rails/rack/logger.rb:16:in `call'
  actionpack (3.2.18) lib/action_dispatch/middleware/request_id.rb:22:in `call'
  rack (1.4.7) lib/rack/methodoverride.rb:21:in `call'
  rack (1.4.7) lib/rack/runtime.rb:17:in `call'
  activesupport (3.2.18) lib/active_support/cache/strategy/local_cache.rb:72:in `call'
  rack (1.4.7) lib/rack/lock.rb:15:in `call'
  actionpack (3.2.18) lib/action_dispatch/middleware/static.rb:63:in `call'
  railties (3.2.18) lib/rails/engine.rb:484:in `call'
  railties (3.2.18) lib/rails/application.rb:231:in `call'
  rack (1.4.7) lib/rack/content_length.rb:14:in `call'
  railties (3.2.18) lib/rails/rack/log_tailer.rb:17:in `call'
  rack (1.4.7) lib/rack/handler/webrick.rb:59:in `service'
  /usr/local/rvm/rubies/ruby-1.9.3-p551/lib/ruby/1.9.1/webrick/httpserver.rb:138:in `service'
  /usr/local/rvm/rubies/ruby-1.9.3-p551/lib/ruby/1.9.1/webrick/httpserver.rb:94:in `run'
  /usr/local/rvm/rubies/ruby-1.9.3-p551/lib/ruby/1.9.1/webrick/server.rb:191:in `block in start_thread'


  Rendered /usr/local/rvm/gems/ruby-1.9.3-p551/gems/actionpack-3.2.18/lib/action_dispatch/middleware/templates/rescues/routing_error.erb within rescues/layout (0.9ms)


Started GET "/movies/1/similar/" for 10.240.0.121 at 2016-03-29 02:30:17 +0000
Processing by MoviesController#similar as HTML
  Parameters: {"movie_id"=>"1"}
  [1m[36mMovie Load (0.3ms)[0m  [1mSELECT "movies".* FROM "movies" WHERE "movies"."id" = ? LIMIT 1[0m  [["id", "1"]]
  [1m[35mMovie Load (0.4ms)[0m  SELECT "movies".* FROM "movies" WHERE "movies"."director" = 'aaa'
  Rendered movies/similar.html.haml within layouts/application (8.9ms)
Completed 200 OK in 176.6ms (Views: 103.0ms | ActiveRecord: 6.0ms)


Started GET "/assets/application.css?body=1" for 10.240.0.179 at 2016-03-29 02:30:17 +0000
Served asset /application.css - 304 Not Modified (1ms)


Started GET "/assets/application.js?body=1" for 10.240.0.200 at 2016-03-29 02:30:17 +0000
Served asset /application.js - 304 Not Modified (4ms)


Started GET "/assets/jquery_ujs.js?body=1" for 10.240.0.156 at 2016-03-29 02:30:17 +0000
Served asset /jquery_ujs.js - 304 Not Modified (3ms)


Started GET "/assets/jquery.js?body=1" for 10.240.0.208 at 2016-03-29 02:30:17 +0000
Served asset /jquery.js - 304 Not Modified (5ms)


Started GET "/movies/1/similar/" for 10.240.0.147 at 2016-03-29 02:32:06 +0000
Connecting to database specified by database.yml

ActionController::RoutingError (No route matches [GET] "/movies/1/similar"):
  actionpack (3.2.18) lib/action_dispatch/middleware/debug_exceptions.rb:21:in `call'
  actionpack (3.2.18) lib/action_dispatch/middleware/show_exceptions.rb:56:in `call'
  railties (3.2.18) lib/rails/rack/logger.rb:32:in `call_app'
  railties (3.2.18) lib/rails/rack/logger.rb:16:in `block in call'
  activesupport (3.2.18) lib/active_support/tagged_logging.rb:22:in `tagged'
  railties (3.2.18) lib/rails/rack/logger.rb:16:in `call'
  actionpack (3.2.18) lib/action_dispatch/middleware/request_id.rb:22:in `call'
  rack (1.4.7) lib/rack/methodoverride.rb:21:in `call'
  rack (1.4.7) lib/rack/runtime.rb:17:in `call'
  activesupport (3.2.18) lib/active_support/cache/strategy/local_cache.rb:72:in `call'
  rack (1.4.7) lib/rack/lock.rb:15:in `call'
  actionpack (3.2.18) lib/action_dispatch/middleware/static.rb:63:in `call'
  railties (3.2.18) lib/rails/engine.rb:484:in `call'
  railties (3.2.18) lib/rails/application.rb:231:in `call'
  rack (1.4.7) lib/rack/content_length.rb:14:in `call'
  railties (3.2.18) lib/rails/rack/log_tailer.rb:17:in `call'
  rack (1.4.7) lib/rack/handler/webrick.rb:59:in `service'
  /usr/local/rvm/rubies/ruby-1.9.3-p551/lib/ruby/1.9.1/webrick/httpserver.rb:138:in `service'
  /usr/local/rvm/rubies/ruby-1.9.3-p551/lib/ruby/1.9.1/webrick/httpserver.rb:94:in `run'
  /usr/local/rvm/rubies/ruby-1.9.3-p551/lib/ruby/1.9.1/webrick/server.rb:191:in `block in start_thread'


  Rendered /usr/local/rvm/gems/ruby-1.9.3-p551/gems/actionpack-3.2.18/lib/action_dispatch/middleware/templates/rescues/routing_error.erb within rescues/layout (5.8ms)


Started GET "/movies/1/similar/" for 10.240.0.166 at 2016-03-29 02:33:48 +0000
Connecting to database specified by database.yml

ActionController::RoutingError (No route matches [GET] "/movies/1/similar"):
  actionpack (3.2.18) lib/action_dispatch/middleware/debug_exceptions.rb:21:in `call'
  actionpack (3.2.18) lib/action_dispatch/middleware/show_exceptions.rb:56:in `call'
  railties (3.2.18) lib/rails/rack/logger.rb:32:in `call_app'
  railties (3.2.18) lib/rails/rack/logger.rb:16:in `block in call'
  activesupport (3.2.18) lib/active_support/tagged_logging.rb:22:in `tagged'
  railties (3.2.18) lib/rails/rack/logger.rb:16:in `call'
  actionpack (3.2.18) lib/action_dispatch/middleware/request_id.rb:22:in `call'
  rack (1.4.7) lib/rack/methodoverride.rb:21:in `call'
  rack (1.4.7) lib/rack/runtime.rb:17:in `call'
  activesupport (3.2.18) lib/active_support/cache/strategy/local_cache.rb:72:in `call'
  rack (1.4.7) lib/rack/lock.rb:15:in `call'
  actionpack (3.2.18) lib/action_dispatch/middleware/static.rb:63:in `call'
  railties (3.2.18) lib/rails/engine.rb:484:in `call'
  railties (3.2.18) lib/rails/application.rb:231:in `call'
  rack (1.4.7) lib/rack/content_length.rb:14:in `call'
  railties (3.2.18) lib/rails/rack/log_tailer.rb:17:in `call'
  rack (1.4.7) lib/rack/handler/webrick.rb:59:in `service'
  /usr/local/rvm/rubies/ruby-1.9.3-p551/lib/ruby/1.9.1/webrick/httpserver.rb:138:in `service'
  /usr/local/rvm/rubies/ruby-1.9.3-p551/lib/ruby/1.9.1/webrick/httpserver.rb:94:in `run'
  /usr/local/rvm/rubies/ruby-1.9.3-p551/lib/ruby/1.9.1/webrick/server.rb:191:in `block in start_thread'


  Rendered /usr/local/rvm/gems/ruby-1.9.3-p551/gems/actionpack-3.2.18/lib/action_dispatch/middleware/templates/rescues/routing_error.erb within rescues/layout (7.8ms)


Started GET "/movies/1/similar/" for 10.240.0.75 at 2016-03-29 02:34:20 +0000
Connecting to database specified by database.yml
Processing by MoviesController#similar as HTML
  Parameters: {"movie_id"=>"1"}
  [1m[36mMovie Load (0.3ms)[0m  [1mSELECT "movies".* FROM "movies" WHERE "movies"."id" = ? LIMIT 1[0m  [["id", "1"]]
  [1m[35mMovie Load (0.3ms)[0m  SELECT "movies".* FROM "movies" WHERE "movies"."director" = 'aaa'
  Rendered movies/similar.html.haml within layouts/application (53.0ms)
Completed 200 OK in 328.3ms (Views: 140.9ms | ActiveRecord: 5.3ms)


Started GET "/assets/application.css?body=1" for 10.240.0.197 at 2016-03-29 02:34:21 +0000
Served asset /application.css - 304 Not Modified (1ms)


Started GET "/assets/application.js?body=1" for 10.240.0.197 at 2016-03-29 02:34:21 +0000
Served asset /application.js - 304 Not Modified (8ms)


Started GET "/assets/jquery_ujs.js?body=1" for 10.240.0.75 at 2016-03-29 02:34:21 +0000
Served asset /jquery_ujs.js - 304 Not Modified (1ms)


Started GET "/assets/jquery.js?body=1" for 10.240.0.187 at 2016-03-29 02:34:21 +0000
Served asset /jquery.js - 304 Not Modified (3ms)


Started GET "/movies/2/edit/" for 10.240.0.179 at 2016-03-29 02:35:04 +0000
Processing by MoviesController#edit as HTML
  Parameters: {"id"=>"2"}
  [1m[36mMovie Load (0.2ms)[0m  [1mSELECT "movies".* FROM "movies" WHERE "movies"."id" = ? LIMIT 1[0m  [["id", "2"]]
  Rendered movies/edit.html.haml within layouts/application (16.1ms)
Completed 200 OK in 24.9ms (Views: 23.5ms | ActiveRecord: 0.2ms)


Started GET "/assets/application.css?body=1" for 10.240.0.179 at 2016-03-29 02:35:05 +0000
Served asset /application.css - 304 Not Modified (0ms)


Started GET "/assets/jquery_ujs.js?body=1" for 10.240.0.207 at 2016-03-29 02:35:05 +0000
Served asset /jquery_ujs.js - 304 Not Modified (0ms)


Started GET "/assets/jquery.js?body=1" for 10.240.0.204 at 2016-03-29 02:35:05 +0000
Served asset /jquery.js - 304 Not Modified (1ms)


Started GET "/assets/application.js?body=1" for 10.240.0.75 at 2016-03-29 02:35:05 +0000
Served asset /application.js - 304 Not Modified (2ms)


Started PUT "/movies/2" for 10.240.0.156 at 2016-03-29 02:35:08 +0000
Processing by MoviesController#update as HTML
  Parameters: {"utf8"=>"✓", "authenticity_token"=>"6QJi85WqFe0XYz4iS8EAuTycYLkql0RHsZleFLPxm1s=", "movie"=>{"title"=>"The Terminator", "rating"=>"R", "release_date(1i)"=>"1984", "release_date(2i)"=>"10", "release_date(3i)"=>"26", "director"=>"aaa"}, "commit"=>"Update Movie Info", "id"=>"2"}
  [1m[35mMovie Load (0.3ms)[0m  SELECT "movies".* FROM "movies" WHERE "movies"."id" = ? LIMIT 1  [["id", "2"]]
  [1m[36m (0.1ms)[0m  [1mbegin transaction[0m
  [1m[35m (9.0ms)[0m  UPDATE "movies" SET "director" = 'aaa', "updated_at" = '2016-03-29 02:35:08.942806' WHERE "movies"."id" = 2
  [1m[36m (12.2ms)[0m  [1mcommit transaction[0m
Redirected to http://hw4-new-davidchen2016.c9users.io:8080/movies/2
Completed 302 Found in 42.4ms (ActiveRecord: 21.6ms)


Started GET "/movies/2" for 10.240.0.75 at 2016-03-29 02:35:09 +0000
Processing by MoviesController#show as HTML
  Parameters: {"id"=>"2"}
  [1m[35mMovie Load (0.3ms)[0m  SELECT "movies".* FROM "movies" WHERE "movies"."id" = ? LIMIT 1  [["id", "2"]]
  Rendered movies/show.html.haml within layouts/application (68.3ms)
Completed 500 Internal Server Error in 75.7ms

ActionController::RoutingError (No route matches {:action=>"similar", :controller=>"movies", :movie_id=>nil}):
  app/views/movies/show.html.haml:22:in `_app_views_movies_show_html_haml___4098381557984900570_70084136133960'


  Rendered /usr/local/rvm/gems/ruby-1.9.3-p551/gems/actionpack-3.2.18/lib/action_dispatch/middleware/templates/rescues/routing_error.erb within rescues/layout (1.2ms)


Started GET "/movies/2/similar" for 10.240.0.200 at 2016-03-29 02:35:16 +0000
Processing by MoviesController#similar as HTML
  Parameters: {"movie_id"=>"2"}
  [1m[36mMovie Load (0.2ms)[0m  [1mSELECT "movies".* FROM "movies" WHERE "movies"."id" = ? LIMIT 1[0m  [["id", "2"]]
  [1m[35mMovie Load (0.3ms)[0m  SELECT "movies".* FROM "movies" WHERE "movies"."director" = 'aaa'
  Rendered movies/similar.html.haml within layouts/application (2.4ms)
Completed 200 OK in 11.4ms (Views: 9.7ms | ActiveRecord: 0.6ms)


Started GET "/assets/application.css?body=1" for 10.240.0.179 at 2016-03-29 02:35:16 +0000
Served asset /application.css - 304 Not Modified (0ms)


Started GET "/assets/application.js?body=1" for 10.240.0.75 at 2016-03-29 02:35:16 +0000
Served asset /application.js - 304 Not Modified (5ms)


Started GET "/assets/jquery.js?body=1" for 10.240.0.167 at 2016-03-29 02:35:16 +0000
Served asset /jquery.js - 304 Not Modified (1ms)


Started GET "/assets/jquery_ujs.js?body=1" for 10.240.0.200 at 2016-03-29 02:35:16 +0000
Served asset /jquery_ujs.js - 304 Not Modified (0ms)
Connecting to database specified by database.yml
  [1m[36m (7.4ms)[0m  [1mSELECT "schema_migrations"."version" FROM "schema_migrations" [0m
  [1m[35m (0.3ms)[0m  select sqlite_version(*)
  [1m[36m (19.8ms)[0m  [1mCREATE TABLE "movies" ("id" INTEGER PRIMARY KEY AUTOINCREMENT NOT NULL, "title" varchar(255), "rating" varchar(255), "description" text, "release_date" datetime, "created_at" datetime, "updated_at" datetime, "director" varchar(255)) [0m
  [1m[35m (12.2ms)[0m  CREATE TABLE "schema_migrations" ("version" varchar(255) NOT NULL) 
  [1m[36m (10.3ms)[0m  [1mCREATE UNIQUE INDEX "unique_schema_migrations" ON "schema_migrations" ("version")[0m
  [1m[35m (0.2ms)[0m  SELECT version FROM "schema_migrations"
  [1m[36m (10.2ms)[0m  [1mINSERT INTO "schema_migrations" (version) VALUES ('20160328225200')[0m
  [1m[35m (11.0ms)[0m  INSERT INTO "schema_migrations" (version) VALUES ('20111119180638')


Started GET "/movies/2/edit" for 10.240.0.204 at 2016-03-29 02:45:37 +0000
Connecting to database specified by database.yml
Processing by MoviesController#edit as HTML
  Parameters: {"id"=>"2"}
  [1m[36mMovie Load (0.2ms)[0m  [1mSELECT "movies".* FROM "movies" WHERE "movies"."id" = ? LIMIT 1[0m  [["id", "2"]]
  Rendered movies/edit.html.haml within layouts/application (18.9ms)
Completed 200 OK in 264.6ms (Views: 144.9ms | ActiveRecord: 5.8ms)


Started GET "/assets/application.css?body=1" for 10.240.0.156 at 2016-03-29 02:45:38 +0000
Served asset /application.css - 304 Not Modified (2ms)


Started GET "/assets/application.js?body=1" for 10.240.0.204 at 2016-03-29 02:45:38 +0000
Served asset /application.js - 304 Not Modified (44ms)


Started GET "/assets/jquery.js?body=1" for 10.240.0.189 at 2016-03-29 02:45:39 +0000
Served asset /jquery.js - 304 Not Modified (3ms)


Started GET "/assets/jquery_ujs.js?body=1" for 10.240.0.206 at 2016-03-29 02:45:39 +0000
Served asset /jquery_ujs.js - 304 Not Modified (2ms)


Started GET "/movies/2" for 10.240.0.138 at 2016-03-29 02:45:46 +0000
Processing by MoviesController#show as HTML
  Parameters: {"id"=>"2"}
  [1m[35mMovie Load (0.2ms)[0m  SELECT "movies".* FROM "movies" WHERE "movies"."id" = ? LIMIT 1  [["id", "2"]]
  Rendered movies/show.html.haml within layouts/application (51.9ms)
Completed 500 Internal Server Error in 57.0ms

ActionController::RoutingError (No route matches {:action=>"similar", :controller=>"movies", :movie_id=>nil}):
  app/views/movies/show.html.haml:22:in `_app_views_movies_show_html_haml__2924986911002671474_70040917619880'


  Rendered /usr/local/rvm/gems/ruby-1.9.3-p551/gems/actionpack-3.2.18/lib/action_dispatch/middleware/templates/rescues/routing_error.erb within rescues/layout (0.7ms)


Started GET "/movies/" for 10.240.0.200 at 2016-03-29 02:45:54 +0000
Processing by MoviesController#index as HTML
  [1m[36mMovie Load (0.5ms)[0m  [1mSELECT "movies".* FROM "movies" WHERE "movies"."rating" IN ('G', 'PG', 'PG-13', 'NC-17', 'R')[0m
  Rendered movies/index.html.haml within layouts/application (16.5ms)
Completed 200 OK in 38.7ms (Views: 28.8ms | ActiveRecord: 0.5ms)


Started GET "/assets/application.css?body=1" for 10.240.0.156 at 2016-03-29 02:45:54 +0000
Served asset /application.css - 304 Not Modified (0ms)


Started GET "/assets/application.js?body=1" for 10.240.0.138 at 2016-03-29 02:45:54 +0000
Served asset /application.js - 304 Not Modified (4ms)


Started GET "/assets/jquery.js?body=1" for 10.240.0.200 at 2016-03-29 02:45:54 +0000
Served asset /jquery.js - 304 Not Modified (2ms)


Started GET "/assets/jquery_ujs.js?body=1" for 10.240.0.203 at 2016-03-29 02:45:54 +0000
Served asset /jquery_ujs.js - 304 Not Modified (0ms)
Connecting to database specified by database.yml


Started GET "/movies/1/edit" for 10.240.0.203 at 2016-03-29 02:50:04 +0000
Connecting to database specified by database.yml
Processing by MoviesController#edit as HTML
  Parameters: {"id"=>"1"}
  [1m[36mMovie Load (0.2ms)[0m  [1mSELECT "movies".* FROM "movies" WHERE "movies"."id" = ? LIMIT 1[0m  [["id", "1"]]
  Rendered movies/edit.html.haml within layouts/application (31.1ms)
Completed 200 OK in 341.4ms (Views: 172.1ms | ActiveRecord: 8.4ms)


Started GET "/assets/application.css?body=1" for 10.240.0.165 at 2016-03-29 02:50:06 +0000
Served asset /application.css - 304 Not Modified (3ms)


Started GET "/assets/application.js?body=1" for 10.240.0.145 at 2016-03-29 02:50:06 +0000
Served asset /application.js - 304 Not Modified (54ms)


Started GET "/assets/jquery_ujs.js?body=1" for 10.240.0.200 at 2016-03-29 02:50:06 +0000
Served asset /jquery_ujs.js - 304 Not Modified (2ms)


Started GET "/assets/jquery.js?body=1" for 10.240.0.157 at 2016-03-29 02:50:06 +0000
Served asset /jquery.js - 304 Not Modified (3ms)


Started PUT "/movies" for 10.240.0.167 at 2016-03-29 02:50:12 +0000

ActionController::RoutingError (No route matches [PUT] "/movies"):
  actionpack (3.2.18) lib/action_dispatch/middleware/debug_exceptions.rb:21:in `call'
  actionpack (3.2.18) lib/action_dispatch/middleware/show_exceptions.rb:56:in `call'
  railties (3.2.18) lib/rails/rack/logger.rb:32:in `call_app'
  railties (3.2.18) lib/rails/rack/logger.rb:16:in `block in call'
  activesupport (3.2.18) lib/active_support/tagged_logging.rb:22:in `tagged'
  railties (3.2.18) lib/rails/rack/logger.rb:16:in `call'
  actionpack (3.2.18) lib/action_dispatch/middleware/request_id.rb:22:in `call'
  rack (1.4.7) lib/rack/methodoverride.rb:21:in `call'
  rack (1.4.7) lib/rack/runtime.rb:17:in `call'
  activesupport (3.2.18) lib/active_support/cache/strategy/local_cache.rb:72:in `call'
  rack (1.4.7) lib/rack/lock.rb:15:in `call'
  actionpack (3.2.18) lib/action_dispatch/middleware/static.rb:63:in `call'
  railties (3.2.18) lib/rails/engine.rb:484:in `call'
  railties (3.2.18) lib/rails/application.rb:231:in `call'
  rack (1.4.7) lib/rack/content_length.rb:14:in `call'
  railties (3.2.18) lib/rails/rack/log_tailer.rb:17:in `call'
  rack (1.4.7) lib/rack/handler/webrick.rb:59:in `service'
  /usr/local/rvm/rubies/ruby-1.9.3-p551/lib/ruby/1.9.1/webrick/httpserver.rb:138:in `service'
  /usr/local/rvm/rubies/ruby-1.9.3-p551/lib/ruby/1.9.1/webrick/httpserver.rb:94:in `run'
  /usr/local/rvm/rubies/ruby-1.9.3-p551/lib/ruby/1.9.1/webrick/server.rb:191:in `block in start_thread'


  Rendered /usr/local/rvm/gems/ruby-1.9.3-p551/gems/actionpack-3.2.18/lib/action_dispatch/middleware/templates/rescues/routing_error.erb within rescues/layout (0.8ms)


Started GET "/movies" for 10.240.0.206 at 2016-03-29 02:50:39 +0000
Processing by MoviesController#index as HTML
  [1m[35mMovie Load (0.5ms)[0m  SELECT "movies".* FROM "movies" WHERE "movies"."rating" IN ('G', 'PG', 'PG-13', 'NC-17', 'R')
  Rendered movies/index.html.haml within layouts/application (17.0ms)
Completed 200 OK in 82.1ms (Views: 68.3ms | ActiveRecord: 0.5ms)


Started GET "/assets/application.css?body=1" for 10.240.0.207 at 2016-03-29 02:50:39 +0000
Served asset /application.css - 304 Not Modified (0ms)


Started GET "/assets/jquery.js?body=1" for 10.240.0.157 at 2016-03-29 02:50:39 +0000
Served asset /jquery.js - 304 Not Modified (1ms)


Started GET "/assets/application.js?body=1" for 10.240.0.197 at 2016-03-29 02:50:39 +0000
Served asset /application.js - 304 Not Modified (3ms)


Started GET "/assets/jquery_ujs.js?body=1" for 10.240.0.179 at 2016-03-29 02:50:39 +0000
Served asset /jquery_ujs.js - 304 Not Modified (0ms)


Started PUT "/movies/2" for 10.240.0.203 at 2016-03-29 02:50:52 +0000
Processing by MoviesController#update as HTML
  Parameters: {"utf8"=>"✓", "authenticity_token"=>"6QJi85WqFe0XYz4iS8EAuTycYLkql0RHsZleFLPxm1s=", "movie"=>{"title"=>"The Terminator", "rating"=>"R", "release_date(1i)"=>"1984", "release_date(2i)"=>"10", "release_date(3i)"=>"26", "director"=>"aaa"}, "commit"=>"Update Movie Info", "id"=>"2"}
  [1m[36mMovie Load (0.2ms)[0m  [1mSELECT "movies".* FROM "movies" WHERE "movies"."id" = ? LIMIT 1[0m  [["id", "2"]]
  [1m[35m (0.1ms)[0m  begin transaction
  [1m[36m (0.0ms)[0m  [1mcommit transaction[0m
Redirected to http://hw4-new-davidchen2016.c9users.io:8080/movies/2
Completed 302 Found in 4.4ms (ActiveRecord: 0.3ms)


Started GET "/movies/2" for 10.240.0.165 at 2016-03-29 02:50:53 +0000
Processing by MoviesController#show as HTML
  Parameters: {"id"=>"2"}
  [1m[35mMovie Load (0.2ms)[0m  SELECT "movies".* FROM "movies" WHERE "movies"."id" = ? LIMIT 1  [["id", "2"]]
  Rendered movies/show.html.haml within layouts/application (16.5ms)
Completed 500 Internal Server Error in 21.8ms

ActionController::RoutingError (No route matches {:action=>"similar", :controller=>"movies", :movie_id=>nil}):
  app/views/movies/show.html.haml:22:in `_app_views_movies_show_html_haml___4529787131630338286_69969821598260'


  Rendered /usr/local/rvm/gems/ruby-1.9.3-p551/gems/actionpack-3.2.18/lib/action_dispatch/middleware/templates/rescues/routing_error.erb within rescues/layout (0.7ms)


Started PUT "/movies/2" for 10.240.0.167 at 2016-03-29 02:51:02 +0000
Processing by MoviesController#update as HTML
  Parameters: {"utf8"=>"✓", "authenticity_token"=>"6QJi85WqFe0XYz4iS8EAuTycYLkql0RHsZleFLPxm1s=", "movie"=>{"title"=>"The Terminator", "rating"=>"R", "release_date(1i)"=>"1984", "release_date(2i)"=>"10", "release_date(3i)"=>"26", "director"=>"abc"}, "commit"=>"Update Movie Info", "id"=>"2"}
  [1m[36mMovie Load (0.2ms)[0m  [1mSELECT "movies".* FROM "movies" WHERE "movies"."id" = ? LIMIT 1[0m  [["id", "2"]]
  [1m[35m (0.1ms)[0m  begin transaction
  [1m[36m (7.9ms)[0m  [1mUPDATE "movies" SET "director" = 'abc', "updated_at" = '2016-03-29 02:51:03.006469' WHERE "movies"."id" = 2[0m
  [1m[35m (10.1ms)[0m  commit transaction
Redirected to http://hw4-new-davidchen2016.c9users.io:8080/movies/2
Completed 302 Found in 76.2ms (ActiveRecord: 18.3ms)


Started GET "/movies/2" for 10.240.0.167 at 2016-03-29 02:51:03 +0000
Processing by MoviesController#show as HTML
  Parameters: {"id"=>"2"}
  [1m[36mMovie Load (0.2ms)[0m  [1mSELECT "movies".* FROM "movies" WHERE "movies"."id" = ? LIMIT 1[0m  [["id", "2"]]
  Rendered movies/show.html.haml within layouts/application (2.6ms)
Completed 500 Internal Server Error in 8.0ms

ActionController::RoutingError (No route matches {:action=>"similar", :controller=>"movies", :movie_id=>nil}):
  app/views/movies/show.html.haml:22:in `_app_views_movies_show_html_haml___4529787131630338286_69969821598260'


  Rendered /usr/local/rvm/gems/ruby-1.9.3-p551/gems/actionpack-3.2.18/lib/action_dispatch/middleware/templates/rescues/routing_error.erb within rescues/layout (0.7ms)


Started GET "/" for 10.240.0.167 at 2016-03-29 02:51:16 +0000
Processing by MoviesController#index as HTML
  [1m[35mMovie Load (0.3ms)[0m  SELECT "movies".* FROM "movies" WHERE "movies"."rating" IN ('G', 'PG', 'PG-13', 'NC-17', 'R')
  Rendered movies/index.html.haml within layouts/application (7.5ms)
Completed 200 OK in 16.6ms (Views: 14.8ms | ActiveRecord: 0.3ms)


Started GET "/assets/application.css?body=1" for 10.240.0.204 at 2016-03-29 02:51:16 +0000
Served asset /application.css - 304 Not Modified (0ms)


Started GET "/assets/jquery_ujs.js?body=1" for 10.240.0.206 at 2016-03-29 02:51:16 +0000
Served asset /jquery_ujs.js - 304 Not Modified (1ms)


Started GET "/assets/jquery.js?body=1" for 10.240.0.192 at 2016-03-29 02:51:16 +0000
Served asset /jquery.js - 304 Not Modified (2ms)


Started GET "/assets/application.js?body=1" for 10.240.0.138 at 2016-03-29 02:51:16 +0000
Served asset /application.js - 304 Not Modified (2ms)


Started GET "/movies/1/edit" for 10.240.0.157 at 2016-03-29 02:51:24 +0000
Processing by MoviesController#edit as HTML
  Parameters: {"id"=>"1"}
  [1m[36mMovie Load (0.3ms)[0m  [1mSELECT "movies".* FROM "movies" WHERE "movies"."id" = ? LIMIT 1[0m  [["id", "1"]]
  Rendered movies/edit.html.haml within layouts/application (6.0ms)
Completed 200 OK in 16.9ms (Views: 15.1ms | ActiveRecord: 0.3ms)


Started GET "/assets/application.css?body=1" for 10.240.0.208 at 2016-03-29 02:51:24 +0000
Served asset /application.css - 304 Not Modified (0ms)


Started GET "/assets/jquery_ujs.js?body=1" for 10.240.0.206 at 2016-03-29 02:51:24 +0000
Served asset /jquery_ujs.js - 304 Not Modified (0ms)


Started GET "/assets/jquery.js?body=1" for 10.240.0.165 at 2016-03-29 02:51:24 +0000
Served asset /jquery.js - 304 Not Modified (1ms)


Started GET "/assets/application.js?body=1" for 10.240.0.200 at 2016-03-29 02:51:24 +0000
Served asset /application.js - 304 Not Modified (2ms)


Started PUT "/movies" for 10.240.0.189 at 2016-03-29 02:51:28 +0000

ActionController::RoutingError (No route matches [PUT] "/movies"):
  actionpack (3.2.18) lib/action_dispatch/middleware/debug_exceptions.rb:21:in `call'
  actionpack (3.2.18) lib/action_dispatch/middleware/show_exceptions.rb:56:in `call'
  railties (3.2.18) lib/rails/rack/logger.rb:32:in `call_app'
  railties (3.2.18) lib/rails/rack/logger.rb:16:in `block in call'
  activesupport (3.2.18) lib/active_support/tagged_logging.rb:22:in `tagged'
  railties (3.2.18) lib/rails/rack/logger.rb:16:in `call'
  actionpack (3.2.18) lib/action_dispatch/middleware/request_id.rb:22:in `call'
  rack (1.4.7) lib/rack/methodoverride.rb:21:in `call'
  rack (1.4.7) lib/rack/runtime.rb:17:in `call'
  activesupport (3.2.18) lib/active_support/cache/strategy/local_cache.rb:72:in `call'
  rack (1.4.7) lib/rack/lock.rb:15:in `call'
  actionpack (3.2.18) lib/action_dispatch/middleware/static.rb:63:in `call'
  railties (3.2.18) lib/rails/engine.rb:484:in `call'
  railties (3.2.18) lib/rails/application.rb:231:in `call'
  rack (1.4.7) lib/rack/content_length.rb:14:in `call'
  railties (3.2.18) lib/rails/rack/log_tailer.rb:17:in `call'
  rack (1.4.7) lib/rack/handler/webrick.rb:59:in `service'
  /usr/local/rvm/rubies/ruby-1.9.3-p551/lib/ruby/1.9.1/webrick/httpserver.rb:138:in `service'
  /usr/local/rvm/rubies/ruby-1.9.3-p551/lib/ruby/1.9.1/webrick/httpserver.rb:94:in `run'
  /usr/local/rvm/rubies/ruby-1.9.3-p551/lib/ruby/1.9.1/webrick/server.rb:191:in `block in start_thread'


  Rendered /usr/local/rvm/gems/ruby-1.9.3-p551/gems/actionpack-3.2.18/lib/action_dispatch/middleware/templates/rescues/routing_error.erb within rescues/layout (2.1ms)


Started GET "/movies" for 10.240.0.179 at 2016-03-29 02:51:54 +0000
Processing by MoviesController#index as HTML
  [1m[35mMovie Load (0.6ms)[0m  SELECT "movies".* FROM "movies" WHERE "movies"."rating" IN ('G', 'PG', 'PG-13', 'NC-17', 'R')
  Rendered movies/index.html.haml within layouts/application (8.0ms)
Completed 200 OK in 18.5ms (Views: 16.2ms | ActiveRecord: 0.6ms)


Started GET "/assets/application.css?body=1" for 10.240.0.179 at 2016-03-29 02:51:54 +0000
Served asset /application.css - 304 Not Modified (0ms)


Started GET "/assets/application.js?body=1" for 10.240.0.156 at 2016-03-29 02:51:54 +0000
Served asset /application.js - 304 Not Modified (49ms)


Started GET "/assets/jquery.js?body=1" for 10.240.0.200 at 2016-03-29 02:51:54 +0000
Served asset /jquery.js - 304 Not Modified (1ms)


Started GET "/assets/jquery_ujs.js?body=1" for 10.240.0.204 at 2016-03-29 02:51:54 +0000
Served asset /jquery_ujs.js - 304 Not Modified (0ms)


Started PUT "/movies" for 10.240.0.145 at 2016-03-29 02:52:00 +0000

ActionController::RoutingError (No route matches [PUT] "/movies"):
  actionpack (3.2.18) lib/action_dispatch/middleware/debug_exceptions.rb:21:in `call'
  actionpack (3.2.18) lib/action_dispatch/middleware/show_exceptions.rb:56:in `call'
  railties (3.2.18) lib/rails/rack/logger.rb:32:in `call_app'
  railties (3.2.18) lib/rails/rack/logger.rb:16:in `block in call'
  activesupport (3.2.18) lib/active_support/tagged_logging.rb:22:in `tagged'
  railties (3.2.18) lib/rails/rack/logger.rb:16:in `call'
  actionpack (3.2.18) lib/action_dispatch/middleware/request_id.rb:22:in `call'
  rack (1.4.7) lib/rack/methodoverride.rb:21:in `call'
  rack (1.4.7) lib/rack/runtime.rb:17:in `call'
  activesupport (3.2.18) lib/active_support/cache/strategy/local_cache.rb:72:in `call'
  rack (1.4.7) lib/rack/lock.rb:15:in `call'
  actionpack (3.2.18) lib/action_dispatch/middleware/static.rb:63:in `call'
  railties (3.2.18) lib/rails/engine.rb:484:in `call'
  railties (3.2.18) lib/rails/application.rb:231:in `call'
  rack (1.4.7) lib/rack/content_length.rb:14:in `call'
  railties (3.2.18) lib/rails/rack/log_tailer.rb:17:in `call'
  rack (1.4.7) lib/rack/handler/webrick.rb:59:in `service'
  /usr/local/rvm/rubies/ruby-1.9.3-p551/lib/ruby/1.9.1/webrick/httpserver.rb:138:in `service'
  /usr/local/rvm/rubies/ruby-1.9.3-p551/lib/ruby/1.9.1/webrick/httpserver.rb:94:in `run'
  /usr/local/rvm/rubies/ruby-1.9.3-p551/lib/ruby/1.9.1/webrick/server.rb:191:in `block in start_thread'


  Rendered /usr/local/rvm/gems/ruby-1.9.3-p551/gems/actionpack-3.2.18/lib/action_dispatch/middleware/templates/rescues/routing_error.erb within rescues/layout (0.9ms)


Started PUT "/movies" for 10.240.0.203 at 2016-03-29 02:53:43 +0000
Connecting to database specified by database.yml
Processing by MoviesController#index as HTML
  Parameters: {"utf8"=>"✓", "authenticity_token"=>"6QJi85WqFe0XYz4iS8EAuTycYLkql0RHsZleFLPxm1s=", "movie"=>{"title"=>"Aladdin", "rating"=>"G", "release_date(1i)"=>"1992", "release_date(2i)"=>"11", "release_date(3i)"=>"25", "director"=>"abc"}, "commit"=>"Update Movie Info"}
  [1m[36mMovie Load (0.3ms)[0m  [1mSELECT "movies".* FROM "movies" WHERE "movies"."rating" IN ('G', 'PG', 'PG-13', 'NC-17', 'R')[0m
  Rendered movies/index.html.haml within layouts/application (63.6ms)
Completed 200 OK in 298.3ms (Views: 145.4ms | ActiveRecord: 5.7ms)


Started GET "/assets/application.css?body=1" for 10.240.0.208 at 2016-03-29 02:53:46 +0000
Served asset /application.css - 304 Not Modified (2ms)


Started GET "/assets/jquery.js?body=1" for 10.240.0.208 at 2016-03-29 02:53:46 +0000
Served asset /jquery.js - 304 Not Modified (3ms)


Started GET "/assets/jquery_ujs.js?body=1" for 10.240.0.207 at 2016-03-29 02:53:46 +0000
Served asset /jquery_ujs.js - 304 Not Modified (2ms)


Started GET "/assets/application.js?body=1" for 10.240.0.121 at 2016-03-29 02:53:46 +0000
Served asset /application.js - 304 Not Modified (45ms)


Started GET "/movies/1/edit" for 10.240.0.179 at 2016-03-29 02:53:52 +0000
Processing by MoviesController#edit as HTML
  Parameters: {"id"=>"1"}
  [1m[35mMovie Load (0.4ms)[0m  SELECT "movies".* FROM "movies" WHERE "movies"."id" = ? LIMIT 1  [["id", "1"]]
  Rendered movies/edit.html.haml within layouts/application (12.1ms)
Completed 200 OK in 24.0ms (Views: 21.0ms | ActiveRecord: 0.4ms)


Started GET "/assets/application.css?body=1" for 10.240.0.204 at 2016-03-29 02:53:52 +0000
Served asset /application.css - 304 Not Modified (0ms)


Started GET "/assets/application.js?body=1" for 10.240.0.207 at 2016-03-29 02:53:52 +0000
Served asset /application.js - 304 Not Modified (6ms)


Started GET "/assets/jquery.js?body=1" for 10.240.0.147 at 2016-03-29 02:53:52 +0000
Served asset /jquery.js - 304 Not Modified (1ms)


Started GET "/assets/jquery_ujs.js?body=1" for 10.240.0.208 at 2016-03-29 02:53:52 +0000
Served asset /jquery_ujs.js - 304 Not Modified (1ms)


Started PUT "/movies" for 10.240.0.179 at 2016-03-29 02:53:56 +0000
Processing by MoviesController#index as HTML
  Parameters: {"utf8"=>"✓", "authenticity_token"=>"6QJi85WqFe0XYz4iS8EAuTycYLkql0RHsZleFLPxm1s=", "movie"=>{"title"=>"Aladdin", "rating"=>"G", "release_date(1i)"=>"1992", "release_date(2i)"=>"11", "release_date(3i)"=>"25", "director"=>"abc"}, "commit"=>"Update Movie Info"}
  [1m[36mMovie Load (0.4ms)[0m  [1mSELECT "movies".* FROM "movies" WHERE "movies"."rating" IN ('G', 'PG', 'PG-13', 'NC-17', 'R')[0m
  Rendered movies/index.html.haml within layouts/application (10.8ms)
Completed 200 OK in 23.0ms (Views: 20.4ms | ActiveRecord: 0.4ms)


Started GET "/assets/jquery.js?body=1" for 10.240.0.121 at 2016-03-29 02:53:56 +0000
Served asset /jquery.js - 304 Not Modified (2ms)


Started GET "/assets/application.css?body=1" for 10.240.0.110 at 2016-03-29 02:53:56 +0000
Served asset /application.css - 304 Not Modified (0ms)


Started GET "/assets/jquery_ujs.js?body=1" for 10.240.0.192 at 2016-03-29 02:53:56 +0000
Served asset /jquery_ujs.js - 304 Not Modified (0ms)


Started GET "/assets/application.js?body=1" for 10.240.0.138 at 2016-03-29 02:53:56 +0000
Served asset /application.js - 304 Not Modified (2ms)
Connecting to database specified by database.yml
  [1m[36m (7.1ms)[0m  [1mSELECT "schema_migrations"."version" FROM "schema_migrations" [0m
  [1m[35m (0.5ms)[0m  select sqlite_version(*)
  [1m[36m (13.5ms)[0m  [1mCREATE TABLE "movies" ("id" INTEGER PRIMARY KEY AUTOINCREMENT NOT NULL, "title" varchar(255), "rating" varchar(255), "description" text, "release_date" datetime, "created_at" datetime, "updated_at" datetime, "director" varchar(255)) [0m
  [1m[35m (9.7ms)[0m  CREATE TABLE "schema_migrations" ("version" varchar(255) NOT NULL) 
  [1m[36m (13.3ms)[0m  [1mCREATE UNIQUE INDEX "unique_schema_migrations" ON "schema_migrations" ("version")[0m
  [1m[35m (0.1ms)[0m  SELECT version FROM "schema_migrations"
  [1m[36m (9.5ms)[0m  [1mINSERT INTO "schema_migrations" (version) VALUES ('20160328225200')[0m
  [1m[35m (9.9ms)[0m  INSERT INTO "schema_migrations" (version) VALUES ('20111119180638')


Started GET "/movies/show" for 10.240.0.192 at 2016-03-29 03:14:33 +0000
Connecting to database specified by database.yml
Processing by MoviesController#show as HTML
  Parameters: {"id"=>"show"}
  [1m[36mMovie Load (0.2ms)[0m  [1mSELECT "movies".* FROM "movies" WHERE "movies"."id" = ? LIMIT 1[0m  [["id", "show"]]
Completed 404 Not Found in 123.3ms

ActiveRecord::RecordNotFound (Couldn't find Movie with id=show):
  app/controllers/movies_controller.rb:5:in `show'


  Rendered /usr/local/rvm/gems/ruby-1.9.3-p551/gems/actionpack-3.2.18/lib/action_dispatch/middleware/templates/rescues/_trace.erb (1.2ms)
  Rendered /usr/local/rvm/gems/ruby-1.9.3-p551/gems/actionpack-3.2.18/lib/action_dispatch/middleware/templates/rescues/_request_and_response.erb (1.5ms)
  Rendered /usr/local/rvm/gems/ruby-1.9.3-p551/gems/actionpack-3.2.18/lib/action_dispatch/middleware/templates/rescues/diagnostics.erb within rescues/layout (34.7ms)


Started GET "/movies/1/show" for 10.240.0.139 at 2016-03-29 03:14:54 +0000

ActionController::RoutingError (No route matches [GET] "/movies/1/show"):
  actionpack (3.2.18) lib/action_dispatch/middleware/debug_exceptions.rb:21:in `call'
  actionpack (3.2.18) lib/action_dispatch/middleware/show_exceptions.rb:56:in `call'
  railties (3.2.18) lib/rails/rack/logger.rb:32:in `call_app'
  railties (3.2.18) lib/rails/rack/logger.rb:16:in `block in call'
  activesupport (3.2.18) lib/active_support/tagged_logging.rb:22:in `tagged'
  railties (3.2.18) lib/rails/rack/logger.rb:16:in `call'
  actionpack (3.2.18) lib/action_dispatch/middleware/request_id.rb:22:in `call'
  rack (1.4.7) lib/rack/methodoverride.rb:21:in `call'
  rack (1.4.7) lib/rack/runtime.rb:17:in `call'
  activesupport (3.2.18) lib/active_support/cache/strategy/local_cache.rb:72:in `call'
  rack (1.4.7) lib/rack/lock.rb:15:in `call'
  actionpack (3.2.18) lib/action_dispatch/middleware/static.rb:63:in `call'
  railties (3.2.18) lib/rails/engine.rb:484:in `call'
  railties (3.2.18) lib/rails/application.rb:231:in `call'
  rack (1.4.7) lib/rack/content_length.rb:14:in `call'
  railties (3.2.18) lib/rails/rack/log_tailer.rb:17:in `call'
  rack (1.4.7) lib/rack/handler/webrick.rb:59:in `service'
  /usr/local/rvm/rubies/ruby-1.9.3-p551/lib/ruby/1.9.1/webrick/httpserver.rb:138:in `service'
  /usr/local/rvm/rubies/ruby-1.9.3-p551/lib/ruby/1.9.1/webrick/httpserver.rb:94:in `run'
  /usr/local/rvm/rubies/ruby-1.9.3-p551/lib/ruby/1.9.1/webrick/server.rb:191:in `block in start_thread'


  Rendered /usr/local/rvm/gems/ruby-1.9.3-p551/gems/actionpack-3.2.18/lib/action_dispatch/middleware/templates/rescues/routing_error.erb within rescues/layout (0.9ms)
Connecting to database specified by database.yml


Started GET "/movies/1" for 10.240.0.206 at 2016-03-29 03:21:28 +0000
Connecting to database specified by database.yml
Processing by MoviesController#show as HTML
  Parameters: {"id"=>"1"}
  [1m[36mMovie Load (0.4ms)[0m  [1mSELECT "movies".* FROM "movies" WHERE "movies"."id" = ? LIMIT 1[0m  [["id", "1"]]
  Rendered movies/show.html.haml within layouts/application (83.3ms)
Completed 500 Internal Server Error in 368.2ms

ActionController::RoutingError (No route matches {:action=>"similar", :controller=>"movies", :movie_id=>nil}):
  app/views/movies/show.html.haml:22:in `_app_views_movies_show_html_haml___1526528870752666276_69873115056820'


  Rendered /usr/local/rvm/gems/ruby-1.9.3-p551/gems/actionpack-3.2.18/lib/action_dispatch/middleware/templates/rescues/routing_error.erb within rescues/layout (1.0ms)


Started GET "/movies/1" for 10.240.0.186 at 2016-03-29 03:23:22 +0000
Connecting to database specified by database.yml
Processing by MoviesController#show as HTML
  Parameters: {"id"=>"1"}
  [1m[36mMovie Load (0.3ms)[0m  [1mSELECT "movies".* FROM "movies" WHERE "movies"."id" = ? LIMIT 1[0m  [["id", "1"]]
  Rendered movies/show.html.haml within layouts/application (16.3ms)
Completed 200 OK in 313.9ms (Views: 165.4ms | ActiveRecord: 6.1ms)


Started GET "/assets/application.css?body=1" for 10.240.0.186 at 2016-03-29 03:23:24 +0000
Served asset /application.css - 304 Not Modified (2ms)


Started GET "/assets/application.js?body=1" for 10.240.0.121 at 2016-03-29 03:23:24 +0000
Served asset /application.js - 304 Not Modified (52ms)


Started GET "/assets/jquery.js?body=1" for 10.240.0.186 at 2016-03-29 03:23:24 +0000
Served asset /jquery.js - 304 Not Modified (6ms)


Started GET "/assets/jquery_ujs.js?body=1" for 10.240.0.75 at 2016-03-29 03:23:24 +0000
Served asset /jquery_ujs.js - 304 Not Modified (3ms)


Started GET "/movies/1" for 10.240.0.157 at 2016-03-29 03:25:36 +0000
Connecting to database specified by database.yml
Processing by MoviesController#show as HTML
  Parameters: {"id"=>"1"}
  [1m[36mMovie Load (0.2ms)[0m  [1mSELECT "movies".* FROM "movies" WHERE "movies"."id" = ? LIMIT 1[0m  [["id", "1"]]
  Rendered movies/show.html.haml within layouts/application (92.3ms)
Completed 500 Internal Server Error in 354.7ms

ActionView::Template::Error (undefined local variable or method `id' for #<#<Class:0x007f97e8088d88>:0x007f97e8779390>):
    19: 
    20: = link_to 'Edit', edit_movie_path(@movie)
    21: = button_to 'Delete', movie_path(@movie), :method => :delete, :confirm => 'Are you sure?'
    22: = link_to 'Find Movies With Same Director', movie_similar_path(id)
    23: = link_to 'Back to movie list', movies_path
  app/views/movies/show.html.haml:22:in `_app_views_movies_show_html_haml__1418180064522185220_70145207685120'


  Rendered /usr/local/rvm/gems/ruby-1.9.3-p551/gems/actionpack-3.2.18/lib/action_dispatch/middleware/templates/rescues/_trace.erb (2.0ms)
  Rendered /usr/local/rvm/gems/ruby-1.9.3-p551/gems/actionpack-3.2.18/lib/action_dispatch/middleware/templates/rescues/_request_and_response.erb (1.4ms)
  Rendered /usr/local/rvm/gems/ruby-1.9.3-p551/gems/actionpack-3.2.18/lib/action_dispatch/middleware/templates/rescues/template_error.erb within rescues/layout (37.1ms)


Started GET "/movies/1" for 10.240.0.110 at 2016-03-29 03:28:15 +0000
Connecting to database specified by database.yml
Processing by MoviesController#show as HTML
  Parameters: {"id"=>"1"}
Completed 500 Internal Server Error in 1.4ms

NameError (undefined local variable or method `id' for #<MoviesController:0x007f3f6cc79220>):
  app/controllers/movies_controller.rb:5:in `show'


  Rendered /usr/local/rvm/gems/ruby-1.9.3-p551/gems/actionpack-3.2.18/lib/action_dispatch/middleware/templates/rescues/_trace.erb (1.7ms)
  Rendered /usr/local/rvm/gems/ruby-1.9.3-p551/gems/actionpack-3.2.18/lib/action_dispatch/middleware/templates/rescues/_request_and_response.erb (5.6ms)
  Rendered /usr/local/rvm/gems/ruby-1.9.3-p551/gems/actionpack-3.2.18/lib/action_dispatch/middleware/templates/rescues/diagnostics.erb within rescues/layout (54.7ms)


Started GET "/movies/1" for 10.240.0.110 at 2016-03-29 03:28:36 +0000
Processing by MoviesController#show as HTML
  Parameters: {"id"=>"1"}
Completed 500 Internal Server Error in 1.0ms

NameError (undefined local variable or method `id' for #<MoviesController:0x007f3f6cba4c28>):
  app/controllers/movies_controller.rb:5:in `show'


  Rendered /usr/local/rvm/gems/ruby-1.9.3-p551/gems/actionpack-3.2.18/lib/action_dispatch/middleware/templates/rescues/_trace.erb (1.3ms)
  Rendered /usr/local/rvm/gems/ruby-1.9.3-p551/gems/actionpack-3.2.18/lib/action_dispatch/middleware/templates/rescues/_request_and_response.erb (3.8ms)
  Rendered /usr/local/rvm/gems/ruby-1.9.3-p551/gems/actionpack-3.2.18/lib/action_dispatch/middleware/templates/rescues/diagnostics.erb within rescues/layout (46.1ms)


Started GET "/movies/1" for 10.240.0.192 at 2016-03-29 03:30:50 +0000
Connecting to database specified by database.yml
Processing by MoviesController#show as HTML
  Parameters: {"id"=>"1"}
  [1m[36mMovie Load (0.2ms)[0m  [1mSELECT "movies".* FROM "movies" WHERE "movies"."id" = ? LIMIT 1[0m  [["id", "1"]]
  Rendered movies/show.html.haml within layouts/application (65.9ms)
Completed 500 Internal Server Error in 329.6ms

ActionController::RoutingError (No route matches {:action=>"similar", :controller=>"movies", :movie_id=>nil}):
  app/views/movies/show.html.haml:22:in `_app_views_movies_show_html_haml___533732821674431543_69912675404240'


  Rendered /usr/local/rvm/gems/ruby-1.9.3-p551/gems/actionpack-3.2.18/lib/action_dispatch/middleware/templates/rescues/routing_error.erb within rescues/layout (0.7ms)


Started GET "/movies/1" for 10.240.0.156 at 2016-03-29 03:32:14 +0000
Connecting to database specified by database.yml
Processing by MoviesController#show as HTML
  Parameters: {"id"=>"1"}
  [1m[36mMovie Load (0.3ms)[0m  [1mSELECT "movies".* FROM "movies" WHERE "movies"."id" = ? LIMIT 1[0m  [["id", "1"]]
  Rendered movies/show.html.haml within layouts/application (12.1ms)
Completed 200 OK in 282.2ms (Views: 132.5ms | ActiveRecord: 9.7ms)


Started GET "/assets/application.css?body=1" for 10.240.0.179 at 2016-03-29 03:32:16 +0000
Served asset /application.css - 304 Not Modified (3ms)


Started GET "/assets/application.js?body=1" for 10.240.0.189 at 2016-03-29 03:32:16 +0000
Served asset /application.js - 304 Not Modified (5ms)


Started GET "/assets/jquery_ujs.js?body=1" for 10.240.0.206 at 2016-03-29 03:32:16 +0000
Served asset /jquery_ujs.js - 304 Not Modified (2ms)


Started GET "/assets/jquery.js?body=1" for 10.240.0.186 at 2016-03-29 03:32:16 +0000
Served asset /jquery.js - 304 Not Modified (2ms)


Started GET "/movies/1/similar" for 10.240.0.167 at 2016-03-29 03:32:22 +0000
Processing by MoviesController#similar as HTML
  Parameters: {"movie_id"=>"1"}
  [1m[35mMovie Load (0.2ms)[0m  SELECT "movies".* FROM "movies" WHERE "movies"."id" = ? LIMIT 1  [["id", "1"]]
  [1m[36mMovie Load (0.3ms)[0m  [1mSELECT "movies".* FROM "movies" WHERE "movies"."director" = 'aaa'[0m
  Rendered movies/similar.html.haml within layouts/application (4.4ms)
Completed 200 OK in 27.3ms (Views: 12.8ms | ActiveRecord: 0.4ms)


Started GET "/assets/application.css?body=1" for 10.240.0.156 at 2016-03-29 03:32:22 +0000
Served asset /application.css - 304 Not Modified (0ms)


Started GET "/assets/jquery.js?body=1" for 10.240.0.197 at 2016-03-29 03:32:22 +0000
Served asset /jquery.js - 304 Not Modified (47ms)


Started GET "/assets/application.js?body=1" for 10.240.0.157 at 2016-03-29 03:32:22 +0000
Served asset /application.js - 304 Not Modified (2ms)


Started GET "/assets/jquery_ujs.js?body=1" for 10.240.0.208 at 2016-03-29 03:32:22 +0000
Served asset /jquery_ujs.js - 304 Not Modified (0ms)


Started GET "/movies/1/edit" for 10.240.0.147 at 2016-03-29 03:34:58 +0000
Connecting to database specified by database.yml
Processing by MoviesController#edit as HTML
  Parameters: {"id"=>"1"}
  [1m[36mMovie Load (0.4ms)[0m  [1mSELECT "movies".* FROM "movies" WHERE "movies"."id" = ? LIMIT 1[0m  [["id", "1"]]
  Rendered movies/edit.html.haml within layouts/application (31.6ms)
Completed 200 OK in 339.4ms (Views: 173.4ms | ActiveRecord: 9.5ms)


Started GET "/assets/application.css?body=1" for 10.240.0.197 at 2016-03-29 03:35:00 +0000
Served asset /application.css - 304 Not Modified (1ms)


Started GET "/assets/application.js?body=1" for 10.240.0.110 at 2016-03-29 03:35:00 +0000
Served asset /application.js - 304 Not Modified (48ms)


Started GET "/assets/jquery_ujs.js?body=1" for 10.240.0.186 at 2016-03-29 03:35:00 +0000
Served asset /jquery_ujs.js - 304 Not Modified (3ms)


Started GET "/assets/jquery.js?body=1" for 10.240.0.139 at 2016-03-29 03:35:00 +0000
Served asset /jquery.js - 304 Not Modified (3ms)


Started PUT "/movies/id" for 10.240.0.208 at 2016-03-29 03:35:04 +0000
Processing by MoviesController#update as HTML
  Parameters: {"utf8"=>"✓", "authenticity_token"=>"6QJi85WqFe0XYz4iS8EAuTycYLkql0RHsZleFLPxm1s=", "movie"=>{"title"=>"Aladdin", "rating"=>"G", "release_date(1i)"=>"1992", "release_date(2i)"=>"11", "release_date(3i)"=>"25", "director"=>"a"}, "commit"=>"Update Movie Info", "id"=>"id"}
  [1m[35mMovie Load (0.2ms)[0m  SELECT "movies".* FROM "movies" WHERE "movies"."id" = ? LIMIT 1  [["id", "id"]]
Completed 404 Not Found in 2.0ms

ActiveRecord::RecordNotFound (Couldn't find Movie with id=id):
  app/controllers/movies_controller.rb:55:in `update'


  Rendered /usr/local/rvm/gems/ruby-1.9.3-p551/gems/actionpack-3.2.18/lib/action_dispatch/middleware/templates/rescues/_trace.erb (73.6ms)
  Rendered /usr/local/rvm/gems/ruby-1.9.3-p551/gems/actionpack-3.2.18/lib/action_dispatch/middleware/templates/rescues/_request_and_response.erb (1.2ms)
  Rendered /usr/local/rvm/gems/ruby-1.9.3-p551/gems/actionpack-3.2.18/lib/action_dispatch/middleware/templates/rescues/diagnostics.erb within rescues/layout (108.3ms)


Started GET "/movies/1/edit" for 10.240.0.138 at 2016-03-29 03:35:42 +0000
Connecting to database specified by database.yml
Processing by MoviesController#edit as HTML
  Parameters: {"id"=>"1"}
  [1m[36mMovie Load (0.4ms)[0m  [1mSELECT "movies".* FROM "movies" WHERE "movies"."id" = ? LIMIT 1[0m  [["id", "1"]]
  Rendered movies/edit.html.haml within layouts/application (17.6ms)
Completed 200 OK in 265.2ms (Views: 122.1ms | ActiveRecord: 5.9ms)


Started GET "/assets/application.css?body=1" for 10.240.0.139 at 2016-03-29 03:35:43 +0000
Served asset /application.css - 304 Not Modified (1ms)


Started GET "/assets/application.js?body=1" for 10.240.0.139 at 2016-03-29 03:35:43 +0000
Served asset /application.js - 304 Not Modified (5ms)


Started GET "/assets/jquery.js?body=1" for 10.240.0.197 at 2016-03-29 03:35:43 +0000
Served asset /jquery.js - 304 Not Modified (41ms)


Started GET "/assets/jquery_ujs.js?body=1" for 10.240.0.75 at 2016-03-29 03:35:43 +0000
Served asset /jquery_ujs.js - 304 Not Modified (3ms)


Started PUT "/movies/1" for 10.240.0.197 at 2016-03-29 03:35:47 +0000
Processing by MoviesController#update as HTML
  Parameters: {"utf8"=>"✓", "authenticity_token"=>"6QJi85WqFe0XYz4iS8EAuTycYLkql0RHsZleFLPxm1s=", "movie"=>{"title"=>"Aladdin", "rating"=>"G", "release_date(1i)"=>"1992", "release_date(2i)"=>"11", "release_date(3i)"=>"25", "director"=>"a"}, "commit"=>"Update Movie Info", "id"=>"1"}
  [1m[35mMovie Load (0.2ms)[0m  SELECT "movies".* FROM "movies" WHERE "movies"."id" = ? LIMIT 1  [["id", "1"]]
  [1m[36m (0.1ms)[0m  [1mbegin transaction[0m
  [1m[35m (14.8ms)[0m  UPDATE "movies" SET "director" = 'a', "updated_at" = '2016-03-29 03:35:47.560569' WHERE "movies"."id" = 1
  [1m[36m (9.7ms)[0m  [1mcommit transaction[0m
Redirected to http://hw4-new-davidchen2016.c9users.io:8080/movies/1
Completed 302 Found in 42.4ms (ActiveRecord: 24.8ms)


Started GET "/movies/1" for 10.240.0.138 at 2016-03-29 03:35:47 +0000
Processing by MoviesController#show as HTML
  Parameters: {"id"=>"1"}
  [1m[35mMovie Load (0.4ms)[0m  SELECT "movies".* FROM "movies" WHERE "movies"."id" = ? LIMIT 1  [["id", "1"]]
  Rendered movies/show.html.haml within layouts/application (44.4ms)
Completed 200 OK in 54.2ms (Views: 52.2ms | ActiveRecord: 0.4ms)


Started GET "/assets/jquery.js?body=1" for 10.240.0.138 at 2016-03-29 03:35:47 +0000
Served asset /jquery.js - 304 Not Modified (1ms)


Started GET "/assets/jquery_ujs.js?body=1" for 10.240.0.139 at 2016-03-29 03:35:47 +0000
Served asset /jquery_ujs.js - 304 Not Modified (0ms)


Started GET "/assets/application.css?body=1" for 10.240.0.186 at 2016-03-29 03:35:47 +0000
Served asset /application.css - 304 Not Modified (0ms)


Started GET "/assets/application.js?body=1" for 10.240.0.189 at 2016-03-29 03:35:47 +0000
Served asset /application.js - 304 Not Modified (2ms)
Connecting to database specified by database.yml
  [1m[36m (6.5ms)[0m  [1mSELECT "schema_migrations"."version" FROM "schema_migrations" [0m
  [1m[35m (0.3ms)[0m  select sqlite_version(*)
  [1m[36m (17.3ms)[0m  [1mCREATE TABLE "movies" ("id" INTEGER PRIMARY KEY AUTOINCREMENT NOT NULL, "title" varchar(255), "rating" varchar(255), "description" text, "release_date" datetime, "created_at" datetime, "updated_at" datetime, "director" varchar(255)) [0m
  [1m[35m (9.2ms)[0m  CREATE TABLE "schema_migrations" ("version" varchar(255) NOT NULL) 
  [1m[36m (7.3ms)[0m  [1mCREATE UNIQUE INDEX "unique_schema_migrations" ON "schema_migrations" ("version")[0m
  [1m[35m (0.2ms)[0m  SELECT version FROM "schema_migrations"
  [1m[36m (7.0ms)[0m  [1mINSERT INTO "schema_migrations" (version) VALUES ('20160328225200')[0m
  [1m[35m (7.4ms)[0m  INSERT INTO "schema_migrations" (version) VALUES ('20111119180638')
Connecting to database specified by database.yml
  [1m[36m (10.7ms)[0m  [1mSELECT "schema_migrations"."version" FROM "schema_migrations" [0m
  [1m[35m (0.4ms)[0m  select sqlite_version(*)
  [1m[36m (14.2ms)[0m  [1mCREATE TABLE "movies" ("id" INTEGER PRIMARY KEY AUTOINCREMENT NOT NULL, "title" varchar(255), "rating" varchar(255), "description" text, "release_date" datetime, "created_at" datetime, "updated_at" datetime, "director" varchar(255)) [0m
  [1m[35m (9.8ms)[0m  CREATE TABLE "schema_migrations" ("version" varchar(255) NOT NULL) 
  [1m[36m (11.6ms)[0m  [1mCREATE UNIQUE INDEX "unique_schema_migrations" ON "schema_migrations" ("version")[0m
  [1m[35m (0.1ms)[0m  SELECT version FROM "schema_migrations"
  [1m[36m (9.4ms)[0m  [1mINSERT INTO "schema_migrations" (version) VALUES ('20160328225200')[0m
  [1m[35m (9.6ms)[0m  INSERT INTO "schema_migrations" (version) VALUES ('20111119180638')
Connecting to database specified by database.yml
  [1m[36m (9.2ms)[0m  [1mSELECT "schema_migrations"."version" FROM "schema_migrations" [0m
  [1m[35m (0.4ms)[0m  select sqlite_version(*)
  [1m[36m (16.8ms)[0m  [1mCREATE TABLE "movies" ("id" INTEGER PRIMARY KEY AUTOINCREMENT NOT NULL, "title" varchar(255), "rating" varchar(255), "description" text, "release_date" datetime, "created_at" datetime, "updated_at" datetime, "director" varchar(255)) [0m
  [1m[35m (9.6ms)[0m  CREATE TABLE "schema_migrations" ("version" varchar(255) NOT NULL) 
  [1m[36m (13.4ms)[0m  [1mCREATE UNIQUE INDEX "unique_schema_migrations" ON "schema_migrations" ("version")[0m
  [1m[35m (0.1ms)[0m  SELECT version FROM "schema_migrations"
  [1m[36m (9.8ms)[0m  [1mINSERT INTO "schema_migrations" (version) VALUES ('20160328225200')[0m
  [1m[35m (11.2ms)[0m  INSERT INTO "schema_migrations" (version) VALUES ('20111119180638')
Connecting to database specified by database.yml
  [1m[36m (10.5ms)[0m  [1mSELECT "schema_migrations"."version" FROM "schema_migrations" [0m
  [1m[35m (0.3ms)[0m  select sqlite_version(*)
  [1m[36m (13.3ms)[0m  [1mCREATE TABLE "movies" ("id" INTEGER PRIMARY KEY AUTOINCREMENT NOT NULL, "title" varchar(255), "rating" varchar(255), "description" text, "release_date" datetime, "created_at" datetime, "updated_at" datetime, "director" varchar(255)) [0m
  [1m[35m (7.4ms)[0m  CREATE TABLE "schema_migrations" ("version" varchar(255) NOT NULL) 
  [1m[36m (7.7ms)[0m  [1mCREATE UNIQUE INDEX "unique_schema_migrations" ON "schema_migrations" ("version")[0m
  [1m[35m (0.3ms)[0m  SELECT version FROM "schema_migrations"
  [1m[36m (21.9ms)[0m  [1mINSERT INTO "schema_migrations" (version) VALUES ('20160328225200')[0m
  [1m[35m (12.7ms)[0m  INSERT INTO "schema_migrations" (version) VALUES ('20111119180638')
Connecting to database specified by database.yml
  [1m[36m (7.0ms)[0m  [1mSELECT "schema_migrations"."version" FROM "schema_migrations" [0m
  [1m[35m (0.4ms)[0m  select sqlite_version(*)
  [1m[36m (16.0ms)[0m  [1mCREATE TABLE "movies" ("id" INTEGER PRIMARY KEY AUTOINCREMENT NOT NULL, "title" varchar(255), "rating" varchar(255), "description" text, "release_date" datetime, "created_at" datetime, "updated_at" datetime, "director" varchar(255)) [0m
  [1m[35m (8.0ms)[0m  CREATE TABLE "schema_migrations" ("version" varchar(255) NOT NULL) 
  [1m[36m (11.8ms)[0m  [1mCREATE UNIQUE INDEX "unique_schema_migrations" ON "schema_migrations" ("version")[0m
  [1m[35m (0.2ms)[0m  SELECT version FROM "schema_migrations"
  [1m[36m (10.1ms)[0m  [1mINSERT INTO "schema_migrations" (version) VALUES ('20160328225200')[0m
  [1m[35m (7.7ms)[0m  INSERT INTO "schema_migrations" (version) VALUES ('20111119180638')
Connecting to database specified by database.yml
  [1m[36m (9.8ms)[0m  [1mSELECT "schema_migrations"."version" FROM "schema_migrations" [0m
  [1m[35m (0.4ms)[0m  select sqlite_version(*)
  [1m[36m (11.7ms)[0m  [1mCREATE TABLE "movies" ("id" INTEGER PRIMARY KEY AUTOINCREMENT NOT NULL, "title" varchar(255), "rating" varchar(255), "description" text, "release_date" datetime, "created_at" datetime, "updated_at" datetime, "director" varchar(255)) [0m
  [1m[35m (9.8ms)[0m  CREATE TABLE "schema_migrations" ("version" varchar(255) NOT NULL) 
  [1m[36m (12.4ms)[0m  [1mCREATE UNIQUE INDEX "unique_schema_migrations" ON "schema_migrations" ("version")[0m
  [1m[35m (0.2ms)[0m  SELECT version FROM "schema_migrations"
  [1m[36m (9.9ms)[0m  [1mINSERT INTO "schema_migrations" (version) VALUES ('20160328225200')[0m
  [1m[35m (9.3ms)[0m  INSERT INTO "schema_migrations" (version) VALUES ('20111119180638')
Connecting to database specified by database.yml
  [1m[36m (12.8ms)[0m  [1mSELECT "schema_migrations"."version" FROM "schema_migrations" [0m
  [1m[35m (0.4ms)[0m  select sqlite_version(*)
  [1m[36m (21.4ms)[0m  [1mCREATE TABLE "movies" ("id" INTEGER PRIMARY KEY AUTOINCREMENT NOT NULL, "title" varchar(255), "rating" varchar(255), "description" text, "release_date" datetime, "created_at" datetime, "updated_at" datetime, "director" varchar(255)) [0m
  [1m[35m (17.8ms)[0m  CREATE TABLE "schema_migrations" ("version" varchar(255) NOT NULL) 
  [1m[36m (11.4ms)[0m  [1mCREATE UNIQUE INDEX "unique_schema_migrations" ON "schema_migrations" ("version")[0m
  [1m[35m (0.2ms)[0m  SELECT version FROM "schema_migrations"
  [1m[36m (19.4ms)[0m  [1mINSERT INTO "schema_migrations" (version) VALUES ('20160328225200')[0m
  [1m[35m (8.4ms)[0m  INSERT INTO "schema_migrations" (version) VALUES ('20111119180638')
Connecting to database specified by database.yml
  [1m[36m (17.5ms)[0m  [1mSELECT "schema_migrations"."version" FROM "schema_migrations" [0m
  [1m[35m (0.3ms)[0m  select sqlite_version(*)
  [1m[36m (10.1ms)[0m  [1mCREATE TABLE "movies" ("id" INTEGER PRIMARY KEY AUTOINCREMENT NOT NULL, "title" varchar(255), "rating" varchar(255), "description" text, "release_date" datetime, "created_at" datetime, "updated_at" datetime, "director" varchar(255)) [0m
  [1m[35m (7.3ms)[0m  CREATE TABLE "schema_migrations" ("version" varchar(255) NOT NULL) 
  [1m[36m (19.9ms)[0m  [1mCREATE UNIQUE INDEX "unique_schema_migrations" ON "schema_migrations" ("version")[0m
  [1m[35m (0.1ms)[0m  SELECT version FROM "schema_migrations"
  [1m[36m (9.3ms)[0m  [1mINSERT INTO "schema_migrations" (version) VALUES ('20160328225200')[0m
  [1m[35m (10.1ms)[0m  INSERT INTO "schema_migrations" (version) VALUES ('20111119180638')
Connecting to database specified by database.yml
  [1m[36m (7.8ms)[0m  [1mSELECT "schema_migrations"."version" FROM "schema_migrations" [0m
  [1m[35m (0.3ms)[0m  select sqlite_version(*)
  [1m[36m (12.9ms)[0m  [1mCREATE TABLE "movies" ("id" INTEGER PRIMARY KEY AUTOINCREMENT NOT NULL, "title" varchar(255), "rating" varchar(255), "description" text, "release_date" datetime, "created_at" datetime, "updated_at" datetime, "director" varchar(255)) [0m
  [1m[35m (8.0ms)[0m  CREATE TABLE "schema_migrations" ("version" varchar(255) NOT NULL) 
  [1m[36m (10.5ms)[0m  [1mCREATE UNIQUE INDEX "unique_schema_migrations" ON "schema_migrations" ("version")[0m
  [1m[35m (0.2ms)[0m  SELECT version FROM "schema_migrations"
  [1m[36m (9.6ms)[0m  [1mINSERT INTO "schema_migrations" (version) VALUES ('20160328225200')[0m
  [1m[35m (9.6ms)[0m  INSERT INTO "schema_migrations" (version) VALUES ('20111119180638')
Connecting to database specified by database.yml
  [1m[36m (7.2ms)[0m  [1mSELECT "schema_migrations"."version" FROM "schema_migrations" [0m
  [1m[35m (0.3ms)[0m  select sqlite_version(*)
  [1m[36m (12.1ms)[0m  [1mCREATE TABLE "movies" ("id" INTEGER PRIMARY KEY AUTOINCREMENT NOT NULL, "title" varchar(255), "rating" varchar(255), "description" text, "release_date" datetime, "created_at" datetime, "updated_at" datetime, "director" varchar(255)) [0m
  [1m[35m (11.5ms)[0m  CREATE TABLE "schema_migrations" ("version" varchar(255) NOT NULL) 
  [1m[36m (13.5ms)[0m  [1mCREATE UNIQUE INDEX "unique_schema_migrations" ON "schema_migrations" ("version")[0m
  [1m[35m (1.3ms)[0m  SELECT version FROM "schema_migrations"
  [1m[36m (10.1ms)[0m  [1mINSERT INTO "schema_migrations" (version) VALUES ('20160328225200')[0m
  [1m[35m (7.7ms)[0m  INSERT INTO "schema_migrations" (version) VALUES ('20111119180638')
Connecting to database specified by database.yml
  [1m[36m (6.7ms)[0m  [1mSELECT "schema_migrations"."version" FROM "schema_migrations" [0m
  [1m[35m (0.3ms)[0m  select sqlite_version(*)
  [1m[36m (11.6ms)[0m  [1mCREATE TABLE "movies" ("id" INTEGER PRIMARY KEY AUTOINCREMENT NOT NULL, "title" varchar(255), "rating" varchar(255), "description" text, "release_date" datetime, "created_at" datetime, "updated_at" datetime, "director" varchar(255)) [0m
  [1m[35m (16.3ms)[0m  CREATE TABLE "schema_migrations" ("version" varchar(255) NOT NULL) 
  [1m[36m (10.7ms)[0m  [1mCREATE UNIQUE INDEX "unique_schema_migrations" ON "schema_migrations" ("version")[0m
  [1m[35m (0.1ms)[0m  SELECT version FROM "schema_migrations"
  [1m[36m (9.2ms)[0m  [1mINSERT INTO "schema_migrations" (version) VALUES ('20160328225200')[0m
  [1m[35m (9.6ms)[0m  INSERT INTO "schema_migrations" (version) VALUES ('20111119180638')
Connecting to database specified by database.yml
  [1m[36m (7.0ms)[0m  [1mSELECT "schema_migrations"."version" FROM "schema_migrations" [0m
  [1m[35m (0.4ms)[0m  select sqlite_version(*)
  [1m[36m (15.5ms)[0m  [1mCREATE TABLE "movies" ("id" INTEGER PRIMARY KEY AUTOINCREMENT NOT NULL, "title" varchar(255), "rating" varchar(255), "description" text, "release_date" datetime, "created_at" datetime, "updated_at" datetime, "director" varchar(255)) [0m
  [1m[35m (9.5ms)[0m  CREATE TABLE "schema_migrations" ("version" varchar(255) NOT NULL) 
  [1m[36m (12.5ms)[0m  [1mCREATE UNIQUE INDEX "unique_schema_migrations" ON "schema_migrations" ("version")[0m
  [1m[35m (0.2ms)[0m  SELECT version FROM "schema_migrations"
  [1m[36m (10.4ms)[0m  [1mINSERT INTO "schema_migrations" (version) VALUES ('20160328225200')[0m
  [1m[35m (8.8ms)[0m  INSERT INTO "schema_migrations" (version) VALUES ('20111119180638')
Connecting to database specified by database.yml
  [1m[36m (19.2ms)[0m  [1mSELECT "schema_migrations"."version" FROM "schema_migrations" [0m
  [1m[35m (0.4ms)[0m  select sqlite_version(*)
  [1m[36m (10.2ms)[0m  [1mCREATE TABLE "movies" ("id" INTEGER PRIMARY KEY AUTOINCREMENT NOT NULL, "title" varchar(255), "rating" varchar(255), "description" text, "release_date" datetime, "created_at" datetime, "updated_at" datetime, "director" varchar(255)) [0m
  [1m[35m (8.3ms)[0m  CREATE TABLE "schema_migrations" ("version" varchar(255) NOT NULL) 
  [1m[36m (7.2ms)[0m  [1mCREATE UNIQUE INDEX "unique_schema_migrations" ON "schema_migrations" ("version")[0m
  [1m[35m (0.1ms)[0m  SELECT version FROM "schema_migrations"
  [1m[36m (8.0ms)[0m  [1mINSERT INTO "schema_migrations" (version) VALUES ('20160328225200')[0m
  [1m[35m (7.7ms)[0m  INSERT INTO "schema_migrations" (version) VALUES ('20111119180638')
Connecting to database specified by database.yml
  [1m[36m (7.4ms)[0m  [1mSELECT "schema_migrations"."version" FROM "schema_migrations" [0m
  [1m[35m (0.3ms)[0m  select sqlite_version(*)
  [1m[36m (11.9ms)[0m  [1mCREATE TABLE "movies" ("id" INTEGER PRIMARY KEY AUTOINCREMENT NOT NULL, "title" varchar(255), "rating" varchar(255), "description" text, "release_date" datetime, "created_at" datetime, "updated_at" datetime, "director" varchar(255)) [0m
  [1m[35m (7.9ms)[0m  CREATE TABLE "schema_migrations" ("version" varchar(255) NOT NULL) 
  [1m[36m (12.2ms)[0m  [1mCREATE UNIQUE INDEX "unique_schema_migrations" ON "schema_migrations" ("version")[0m
  [1m[35m (0.1ms)[0m  SELECT version FROM "schema_migrations"
  [1m[36m (9.7ms)[0m  [1mINSERT INTO "schema_migrations" (version) VALUES ('20160328225200')[0m
  [1m[35m (8.0ms)[0m  INSERT INTO "schema_migrations" (version) VALUES ('20111119180638')
Connecting to database specified by database.yml
  [1m[36m (7.5ms)[0m  [1mSELECT "schema_migrations"."version" FROM "schema_migrations" [0m
  [1m[35m (0.4ms)[0m  select sqlite_version(*)
  [1m[36m (13.5ms)[0m  [1mCREATE TABLE "movies" ("id" INTEGER PRIMARY KEY AUTOINCREMENT NOT NULL, "title" varchar(255), "rating" varchar(255), "description" text, "release_date" datetime, "created_at" datetime, "updated_at" datetime, "director" varchar(255)) [0m
  [1m[35m (10.0ms)[0m  CREATE TABLE "schema_migrations" ("version" varchar(255) NOT NULL) 
  [1m[36m (12.2ms)[0m  [1mCREATE UNIQUE INDEX "unique_schema_migrations" ON "schema_migrations" ("version")[0m
  [1m[35m (0.2ms)[0m  SELECT version FROM "schema_migrations"
  [1m[36m (10.2ms)[0m  [1mINSERT INTO "schema_migrations" (version) VALUES ('20160328225200')[0m
  [1m[35m (11.0ms)[0m  INSERT INTO "schema_migrations" (version) VALUES ('20111119180638')
Connecting to database specified by database.yml
  [1m[36m (6.9ms)[0m  [1mSELECT "schema_migrations"."version" FROM "schema_migrations" [0m
  [1m[35m (0.4ms)[0m  select sqlite_version(*)
  [1m[36m (16.5ms)[0m  [1mCREATE TABLE "movies" ("id" INTEGER PRIMARY KEY AUTOINCREMENT NOT NULL, "title" varchar(255), "rating" varchar(255), "description" text, "release_date" datetime, "created_at" datetime, "updated_at" datetime, "director" varchar(255)) [0m
  [1m[35m (7.8ms)[0m  CREATE TABLE "schema_migrations" ("version" varchar(255) NOT NULL) 
  [1m[36m (10.4ms)[0m  [1mCREATE UNIQUE INDEX "unique_schema_migrations" ON "schema_migrations" ("version")[0m
  [1m[35m (0.3ms)[0m  SELECT version FROM "schema_migrations"
  [1m[36m (6.8ms)[0m  [1mINSERT INTO "schema_migrations" (version) VALUES ('20160328225200')[0m
  [1m[35m (9.2ms)[0m  INSERT INTO "schema_migrations" (version) VALUES ('20111119180638')
